
(env) C:\Users\daetienn\Desktop\azure-cli>FOR /L %x IN (1 1 2) DO (
az account set -s "a1bfa635-f2bf-42f1-86b5-848c674fc321"  
 azdev test --live --lf --no-exitfirst  
 azdev test --live --lf --no-exitfirst --series  
 az account set s "28cbf98f-381d-4425-9ac4-cf342dab9753"  
 azdev test --live --lf --no-exitfirst  
 azdev test --live --lf --no-exitfirst --series  
 az account set -s "5e87627b-4ffa-4abf-8040-b1103c84a2fd"  
 azdev test --live --lf --no-exitfirst  
 azdev test --live --lf --no-exitfirst --series  
 az account set -s "6898adc8-5045-473d-a1bf-7012564f43cb"  
 azdev test --live --lf --no-exitfirst  
 azdev test --live --lf --no-exitfirst --series  
 azdev test --no-exitfirst 
) 

(env) C:\Users\daetienn\Desktop\azure-cli>(
az account set -s "a1bfa635-f2bf-42f1-86b5-848c674fc321"  
 azdev test --live --lf --no-exitfirst  
 azdev test --live --lf --no-exitfirst --series  
 az account set s "28cbf98f-381d-4425-9ac4-cf342dab9753"  
 azdev test --live --lf --no-exitfirst  
 azdev test --live --lf --no-exitfirst --series  
 az account set -s "5e87627b-4ffa-4abf-8040-b1103c84a2fd"  
 azdev test --live --lf --no-exitfirst  
 azdev test --live --lf --no-exitfirst --series  
 az account set -s "6898adc8-5045-473d-a1bf-7012564f43cb"  
 azdev test --live --lf --no-exitfirst  
 azdev test --live --lf --no-exitfirst --series  
 azdev test --no-exitfirst 
) 
============================= test session starts =============================
platform win32 -- Python 3.8.6, pytest-6.1.2, py-1.9.0, pluggy-0.13.1 -- C:\Users\daetienn\Desktop\azure-cli\env\Scripts\python.exe
cachedir: .pytest_cache
rootdir: C:\Users\daetienn\Desktop\azure-cli
plugins: forked-1.3.0, xdist-2.1.0
gw0 I / gw1 I / gw2 I / gw3 I
[gw0] win32 Python 3.8.6 cwd: C:\Users\daetienn\Desktop\azure-cli
[gw1] win32 Python 3.8.6 cwd: C:\Users\daetienn\Desktop\azure-cli
[gw2] win32 Python 3.8.6 cwd: C:\Users\daetienn\Desktop\azure-cli
[gw3] win32 Python 3.8.6 cwd: C:\Users\daetienn\Desktop\azure-cli
[gw0] Python 3.8.6 (tags/v3.8.6:db45529, Sep 23 2020, 15:52:53) [MSC v.1927 64 bit (AMD64)]
[gw1] Python 3.8.6 (tags/v3.8.6:db45529, Sep 23 2020, 15:52:53) [MSC v.1927 64 bit (AMD64)]
[gw2] Python 3.8.6 (tags/v3.8.6:db45529, Sep 23 2020, 15:52:53) [MSC v.1927 64 bit (AMD64)]
[gw3] Python 3.8.6 (tags/v3.8.6:db45529, Sep 23 2020, 15:52:53) [MSC v.1927 64 bit (AMD64)]
gw0 [548] / gw1 [548] / gw2 [548] / gw3 [548]

scheduling tests via LoadScheduling

src/azure-cli/azure/cli/command_modules/acr/tests/latest/test_acr_agentpool_commands.py::AcrAgentPoolCommandsTests::test_acr_agentpool 
src/azure-cli/azure/cli/command_modules/acr/tests/latest/test_acr_commands.py::AcrCommandsTests::test_acr_create_replication 
src/azure-cli/azure/cli/command_modules/kusto/tests/latest/test_kusto_commands.py::AzureKustoDatabaseTests::test_kusto_database_life_cycle 
src/azure-cli/azure/cli/command_modules/kusto/tests/latest/test_kusto_commands.py::AzureKustoClusterTests::test_kusto_cluster_stop_start 
[gw3] [  0%] PASSED src/azure-cli/azure/cli/command_modules/acr/tests/latest/test_acr_commands.py::AcrCommandsTests::test_acr_create_replication 
src/azure-cli/azure/cli/command_modules/acr/tests/latest/test_acr_commands.py::AcrCommandsTests::test_acr_encryption_with_cmk 
[gw3] [  0%] PASSED src/azure-cli/azure/cli/command_modules/acr/tests/latest/test_acr_commands.py::AcrCommandsTests::test_acr_encryption_with_cmk 
src/azure-cli/azure/cli/command_modules/acr/tests/latest/test_acr_commands.py::AcrCommandsTests::test_acr_with_private_endpoint 
[gw3] [  0%] PASSED src/azure-cli/azure/cli/command_modules/acr/tests/latest/test_acr_commands.py::AcrCommandsTests::test_acr_with_private_endpoint 
src/azure-cli/azure/cli/command_modules/acr/tests/latest/test_acr_taskrun_commands.py::AcrTaskRunCommandsTests::test_acr_taskrun 
[gw3] [  0%] PASSED src/azure-cli/azure/cli/command_modules/acr/tests/latest/test_acr_taskrun_commands.py::AcrTaskRunCommandsTests::test_acr_taskrun 
src/azure-cli/azure/cli/command_modules/acs/tests/latest/test_aks_commands.py::AzureKubernetesServiceScenarioTest::test_aks_control_plane_user_assigned_identity 
[gw3] [  0%] PASSED src/azure-cli/azure/cli/command_modules/acs/tests/latest/test_aks_commands.py::AzureKubernetesServiceScenarioTest::test_aks_control_plane_user_assigned_identity 
src/azure-cli/azure/cli/command_modules/acs/tests/latest/test_aks_commands.py::AzureKubernetesServiceScenarioTest::test_aks_create_blb_vmas_msi 
[gw3] [  1%] PASSED src/azure-cli/azure/cli/command_modules/acs/tests/latest/test_aks_commands.py::AzureKubernetesServiceScenarioTest::test_aks_create_blb_vmas_msi 
src/azure-cli/azure/cli/command_modules/acs/tests/latest/test_aks_commands.py::AzureKubernetesServiceScenarioTest::test_aks_create_default_service_msi 
[gw1] [  1%] PASSED src/azure-cli/azure/cli/command_modules/kusto/tests/latest/test_kusto_commands.py::AzureKustoDatabaseTests::test_kusto_database_life_cycle 
src/azure-cli/azure/cli/command_modules/acr/tests/latest/test_acr_commands.py::AcrCommandsTests::test_acr_create_with_audits 
[gw1] [  1%] PASSED src/azure-cli/azure/cli/command_modules/acr/tests/latest/test_acr_commands.py::AcrCommandsTests::test_acr_create_with_audits 
src/azure-cli/azure/cli/command_modules/acr/tests/latest/test_acr_commands.py::AcrCommandsTests::test_acr_image_import 
[gw1] [  1%] SKIPPED src/azure-cli/azure/cli/command_modules/acr/tests/latest/test_acr_commands.py::AcrCommandsTests::test_acr_image_import 
src/azure-cli/azure/cli/command_modules/acr/tests/latest/test_acr_network_rule_commands.py::AcrNetworkRuleCommandsTests::test_acr_network_rule 
[gw1] [  1%] PASSED src/azure-cli/azure/cli/command_modules/acr/tests/latest/test_acr_network_rule_commands.py::AcrNetworkRuleCommandsTests::test_acr_network_rule 
src/azure-cli/azure/cli/command_modules/acs/tests/latest/test_aks_commands.py::AzureKubernetesServiceScenarioTest::test_aks_availability_zones 
[gw3] [  2%] PASSED src/azure-cli/azure/cli/command_modules/acs/tests/latest/test_aks_commands.py::AzureKubernetesServiceScenarioTest::test_aks_create_default_service_msi 
src/azure-cli/azure/cli/command_modules/acs/tests/latest/test_aks_commands.py::AzureKubernetesServiceScenarioTest::test_aks_create_nonaad_and_update_with_managed_aad_msi 
[gw3] [  2%] PASSED src/azure-cli/azure/cli/command_modules/acs/tests/latest/test_aks_commands.py::AzureKubernetesServiceScenarioTest::test_aks_create_nonaad_and_update_with_managed_aad_msi 
src/azure-cli/azure/cli/command_modules/acs/tests/latest/test_aks_commands.py::AzureKubernetesServiceScenarioTest::test_aks_create_slb_vmss_with_default_mgd_outbound_ip_then_update_msi 
[gw1] [  2%] PASSED src/azure-cli/azure/cli/command_modules/acs/tests/latest/test_aks_commands.py::AzureKubernetesServiceScenarioTest::test_aks_availability_zones 
src/azure-cli/azure/cli/command_modules/acs/tests/latest/test_aks_commands.py::AzureKubernetesServiceScenarioTest::test_aks_create_aadv1_and_update_with_managed_aad_msi 
[gw3] [  2%] FAILED src/azure-cli/azure/cli/command_modules/acs/tests/latest/test_aks_commands.py::AzureKubernetesServiceScenarioTest::test_aks_create_slb_vmss_with_default_mgd_outbound_ip_then_update_msi 
src/azure-cli/azure/cli/command_modules/acs/tests/latest/test_aks_commands.py::AzureKubernetesServiceScenarioTest::test_aks_create_slb_vmss_with_outbound_ip_then_update_msi 
[gw1] [  2%] FAILED src/azure-cli/azure/cli/command_modules/acs/tests/latest/test_aks_commands.py::AzureKubernetesServiceScenarioTest::test_aks_create_aadv1_and_update_with_managed_aad_msi 
src/azure-cli/azure/cli/command_modules/acs/tests/latest/test_aks_commands.py::AzureKubernetesServiceScenarioTest::test_aks_create_cluster_with_apiserver_authorized_ranges_then_update_msi 
[gw3] [  2%] FAILED src/azure-cli/azure/cli/command_modules/acs/tests/latest/test_aks_commands.py::AzureKubernetesServiceScenarioTest::test_aks_create_slb_vmss_with_outbound_ip_then_update_msi 
src/azure-cli/azure/cli/command_modules/acs/tests/latest/test_aks_commands.py::AzureKubernetesServiceScenarioTest::test_aks_create_with_ephemeral_disk 
[gw1] [  3%] FAILED src/azure-cli/azure/cli/command_modules/acs/tests/latest/test_aks_commands.py::AzureKubernetesServiceScenarioTest::test_aks_create_cluster_with_apiserver_authorized_ranges_then_update_msi 
src/azure-cli/azure/cli/command_modules/acs/tests/latest/test_aks_commands.py::AzureKubernetesServiceScenarioTest::test_aks_create_default_setting_msi 
[gw0] [  3%] PASSED src/azure-cli/azure/cli/command_modules/kusto/tests/latest/test_kusto_commands.py::AzureKustoClusterTests::test_kusto_cluster_stop_start 
src/azure-cli/azure/cli/command_modules/acr/tests/latest/test_acr_commands.py::AcrCommandsTests::test_acr_create_webhook 
[gw2] [  3%] PASSED src/azure-cli/azure/cli/command_modules/acr/tests/latest/test_acr_agentpool_commands.py::AcrAgentPoolCommandsTests::test_acr_agentpool 
src/azure-cli/azure/cli/command_modules/acr/tests/latest/test_acr_commands.py::AcrCommandsTests::test_acr_create_with_managed_registry 
[gw0] [  3%] PASSED src/azure-cli/azure/cli/command_modules/acr/tests/latest/test_acr_commands.py::AcrCommandsTests::test_acr_create_webhook 
src/azure-cli/azure/cli/command_modules/acr/tests/latest/test_acr_commands.py::AcrCommandsTests::test_acr_identity 
[gw2] [  3%] PASSED src/azure-cli/azure/cli/command_modules/acr/tests/latest/test_acr_commands.py::AcrCommandsTests::test_acr_create_with_managed_registry 
src/azure-cli/azure/cli/command_modules/acr/tests/latest/test_acr_commands.py::AcrCommandsTests::test_acr_with_dedicated_data_endpoints 
[gw2] [  4%] PASSED src/azure-cli/azure/cli/command_modules/acr/tests/latest/test_acr_commands.py::AcrCommandsTests::test_acr_with_dedicated_data_endpoints 
src/azure-cli/azure/cli/command_modules/acr/tests/latest/test_acr_task_commands.py::AcrTaskCommandsTests::test_acr_task 
[gw3] [  4%] FAILED src/azure-cli/azure/cli/command_modules/acs/tests/latest/test_aks_commands.py::AzureKubernetesServiceScenarioTest::test_aks_create_with_ephemeral_disk 
src/azure-cli/azure/cli/command_modules/acs/tests/latest/test_aks_commands.py::AzureKubernetesServiceScenarioTest::test_aks_create_with_ppg 
[gw1] [  4%] FAILED src/azure-cli/azure/cli/command_modules/acs/tests/latest/test_aks_commands.py::AzureKubernetesServiceScenarioTest::test_aks_create_default_setting_msi 
src/azure-cli/azure/cli/command_modules/acs/tests/latest/test_aks_commands.py::AzureKubernetesServiceScenarioTest::test_aks_create_private_cluster_then_update_msi 
[gw2] [  4%] PASSED src/azure-cli/azure/cli/command_modules/acr/tests/latest/test_acr_task_commands.py::AcrTaskCommandsTests::test_acr_task 
src/azure-cli/azure/cli/command_modules/acs/tests/latest/test_aks_commands.py::AzureKubernetesServiceScenarioTest::test_aks_availability_zones_msi 
[gw0] [  4%] PASSED src/azure-cli/azure/cli/command_modules/acr/tests/latest/test_acr_commands.py::AcrCommandsTests::test_acr_identity 
src/azure-cli/azure/cli/command_modules/acr/tests/latest/test_acr_commands.py::AcrCommandsTests::test_acr_with_public_network_access 
[gw0] [  4%] PASSED src/azure-cli/azure/cli/command_modules/acr/tests/latest/test_acr_commands.py::AcrCommandsTests::test_acr_with_public_network_access 
src/azure-cli/azure/cli/command_modules/acr/tests/latest/test_acr_token.py::AcrTokenCommandsTests::test_repository_token_create 
[gw0] [  5%] PASSED src/azure-cli/azure/cli/command_modules/acr/tests/latest/test_acr_token.py::AcrTokenCommandsTests::test_repository_token_create 
src/azure-cli/azure/cli/command_modules/acs/tests/latest/test_aks_commands.py::AzureKubernetesServiceScenarioTest::test_aks_create_aadv1_and_update_with_managed_aad 
[gw2] [  5%] PASSED src/azure-cli/azure/cli/command_modules/acs/tests/latest/test_aks_commands.py::AzureKubernetesServiceScenarioTest::test_aks_availability_zones_msi 
src/azure-cli/azure/cli/command_modules/acs/tests/latest/test_aks_commands.py::AzureKubernetesServiceScenarioTest::test_aks_create_blb_vmas 
[gw1] [  5%] FAILED src/azure-cli/azure/cli/command_modules/acs/tests/latest/test_aks_commands.py::AzureKubernetesServiceScenarioTest::test_aks_create_private_cluster_then_update_msi 
src/azure-cli/azure/cli/command_modules/acs/tests/latest/test_aks_commands.py::AzureKubernetesServiceScenarioTest::test_aks_create_slb_vmss_with_outbound_ip_prefixes_then_update_msi 
[gw3] [  5%] PASSED src/azure-cli/azure/cli/command_modules/acs/tests/latest/test_aks_commands.py::AzureKubernetesServiceScenarioTest::test_aks_create_with_ppg 
src/azure-cli/azure/cli/command_modules/acs/tests/latest/test_aks_commands.py::AzureKubernetesServiceScenarioTest::test_aks_managed_aad 
[gw0] [  5%] PASSED src/azure-cli/azure/cli/command_modules/acs/tests/latest/test_aks_commands.py::AzureKubernetesServiceScenarioTest::test_aks_create_aadv1_and_update_with_managed_aad 
src/azure-cli/azure/cli/command_modules/acs/tests/latest/test_aks_commands.py::AzureKubernetesServiceScenarioTest::test_aks_create_cluster_with_apiserver_authorized_ranges_then_update 
[gw2] [  6%] PASSED src/azure-cli/azure/cli/command_modules/acs/tests/latest/test_aks_commands.py::AzureKubernetesServiceScenarioTest::test_aks_create_blb_vmas 
src/azure-cli/azure/cli/command_modules/acs/tests/latest/test_aks_commands.py::AzureKubernetesServiceScenarioTest::test_aks_create_default_service 
[gw3] [  6%] FAILED src/azure-cli/azure/cli/command_modules/acs/tests/latest/test_aks_commands.py::AzureKubernetesServiceScenarioTest::test_aks_managed_aad 
src/azure-cli/azure/cli/command_modules/acs/tests/latest/test_aks_commands.py::AzureKubernetesServiceScenarioTest::test_aks_nodepool_create_scale_delete 
[gw1] [  6%] PASSED src/azure-cli/azure/cli/command_modules/acs/tests/latest/test_aks_commands.py::AzureKubernetesServiceScenarioTest::test_aks_create_slb_vmss_with_outbound_ip_prefixes_then_update_msi 
src/azure-cli/azure/cli/command_modules/acs/tests/latest/test_aks_commands.py::AzureKubernetesServiceScenarioTest::test_aks_create_spot_node_pool_msi 
[gw2] [  6%] PASSED src/azure-cli/azure/cli/command_modules/acs/tests/latest/test_aks_commands.py::AzureKubernetesServiceScenarioTest::test_aks_create_default_service 
src/azure-cli/azure/cli/command_modules/acs/tests/latest/test_aks_commands.py::AzureKubernetesServiceScenarioTest::test_aks_create_nonaad_and_update_with_managed_aad 
[gw1] [  6%] PASSED src/azure-cli/azure/cli/command_modules/acs/tests/latest/test_aks_commands.py::AzureKubernetesServiceScenarioTest::test_aks_create_spot_node_pool_msi 
src/azure-cli/azure/cli/command_modules/acs/tests/latest/test_aks_commands.py::AzureKubernetesServiceScenarioTest::test_aks_create_with_paid_sku 
[gw1] [  6%] PASSED src/azure-cli/azure/cli/command_modules/acs/tests/latest/test_aks_commands.py::AzureKubernetesServiceScenarioTest::test_aks_create_with_paid_sku 
src/azure-cli/azure/cli/command_modules/acs/tests/latest/test_aks_commands.py::AzureKubernetesServiceScenarioTest::test_aks_create_with_windows 
[gw3] [  7%] PASSED src/azure-cli/azure/cli/command_modules/acs/tests/latest/test_aks_commands.py::AzureKubernetesServiceScenarioTest::test_aks_nodepool_create_scale_delete 
src/azure-cli/azure/cli/command_modules/acs/tests/latest/test_aks_commands.py::AzureKubernetesServiceScenarioTest::test_aks_upgrade_node_image_only_cluster 
[gw2] [  7%] PASSED src/azure-cli/azure/cli/command_modules/acs/tests/latest/test_aks_commands.py::AzureKubernetesServiceScenarioTest::test_aks_create_nonaad_and_update_with_managed_aad 
src/azure-cli/azure/cli/command_modules/acs/tests/latest/test_aks_commands.py::AzureKubernetesServiceScenarioTest::test_aks_create_slb_vmss_with_default_mgd_outbound_ip_then_update 
[gw0] [  7%] PASSED src/azure-cli/azure/cli/command_modules/acs/tests/latest/test_aks_commands.py::AzureKubernetesServiceScenarioTest::test_aks_create_cluster_with_apiserver_authorized_ranges_then_update 
src/azure-cli/azure/cli/command_modules/acs/tests/latest/test_aks_commands.py::AzureKubernetesServiceScenarioTest::test_aks_create_default_setting 
[gw3] [  7%] PASSED src/azure-cli/azure/cli/command_modules/acs/tests/latest/test_aks_commands.py::AzureKubernetesServiceScenarioTest::test_aks_upgrade_node_image_only_cluster 
src/azure-cli/azure/cli/command_modules/acs/tests/latest/test_custom.py::AcsCustomCommandTest::test_k8s_install_kubelogin_with_custom_source_url 
[gw3] [  7%] FAILED src/azure-cli/azure/cli/command_modules/acs/tests/latest/test_custom.py::AcsCustomCommandTest::test_k8s_install_kubelogin_with_custom_source_url 
src/azure-cli/azure/cli/command_modules/appservice/tests/latest/test_webapp_access_restriction_commands.py::WebAppAccessRestrictionScenarioTest::test_webapp_access_restriction_add_ip_address_validation 
[gw3] [  8%] PASSED src/azure-cli/azure/cli/command_modules/appservice/tests/latest/test_webapp_access_restriction_commands.py::WebAppAccessRestrictionScenarioTest::test_webapp_access_restriction_add_ip_address_validation 
src/azure-cli/azure/cli/command_modules/appservice/tests/latest/test_webapp_access_restriction_commands.py::WebAppAccessRestrictionScenarioTest::test_webapp_access_restriction_remove_scm 
[gw3] [  8%] PASSED src/azure-cli/azure/cli/command_modules/appservice/tests/latest/test_webapp_access_restriction_commands.py::WebAppAccessRestrictionScenarioTest::test_webapp_access_restriction_remove_scm 
src/azure-cli/azure/cli/command_modules/appservice/tests/latest/test_webapp_access_restriction_commands.py::WebAppAccessRestrictionScenarioTest::test_webapp_access_restriction_slot 
[gw0] [  8%] PASSED src/azure-cli/azure/cli/command_modules/acs/tests/latest/test_aks_commands.py::AzureKubernetesServiceScenarioTest::test_aks_create_default_setting 
src/azure-cli/azure/cli/command_modules/acs/tests/latest/test_aks_commands.py::AzureKubernetesServiceScenarioTest::test_aks_create_private_cluster_then_update 
[gw3] [  8%] PASSED src/azure-cli/azure/cli/command_modules/appservice/tests/latest/test_webapp_access_restriction_commands.py::WebAppAccessRestrictionScenarioTest::test_webapp_access_restriction_slot 
src/azure-cli/azure/cli/command_modules/appservice/tests/latest/test_webapp_commands.py::WebappQuickCreateTest::test_linux_webapp_multicontainer_create 
[gw2] [  8%] PASSED src/azure-cli/azure/cli/command_modules/acs/tests/latest/test_aks_commands.py::AzureKubernetesServiceScenarioTest::test_aks_create_slb_vmss_with_default_mgd_outbound_ip_then_update 
src/azure-cli/azure/cli/command_modules/acs/tests/latest/test_aks_commands.py::AzureKubernetesServiceScenarioTest::test_aks_create_slb_vmss_with_outbound_ip_then_update 
[gw3] [  8%] PASSED src/azure-cli/azure/cli/command_modules/appservice/tests/latest/test_webapp_commands.py::WebappQuickCreateTest::test_linux_webapp_multicontainer_create 
src/azure-cli/azure/cli/command_modules/appservice/tests/latest/test_webapp_commands.py::WebappQuickCreateTest::test_win_webapp_quick_create_cd 
[gw3] [  9%] PASSED src/azure-cli/azure/cli/command_modules/appservice/tests/latest/test_webapp_commands.py::WebappQuickCreateTest::test_win_webapp_quick_create_cd 
src/azure-cli/azure/cli/command_modules/appservice/tests/latest/test_webapp_commands.py::AppServicePlanScenarioTest::test_retain_plan 
[gw2] [  9%] PASSED src/azure-cli/azure/cli/command_modules/acs/tests/latest/test_aks_commands.py::AzureKubernetesServiceScenarioTest::test_aks_create_slb_vmss_with_outbound_ip_then_update 
src/azure-cli/azure/cli/command_modules/acs/tests/latest/test_aks_commands.py::AzureKubernetesServiceScenarioTest::test_aks_create_with_ahub 
[gw0] [  9%] FAILED src/azure-cli/azure/cli/command_modules/acs/tests/latest/test_aks_commands.py::AzureKubernetesServiceScenarioTest::test_aks_create_private_cluster_then_update 
src/azure-cli/azure/cli/command_modules/acs/tests/latest/test_aks_commands.py::AzureKubernetesServiceScenarioTest::test_aks_create_slb_vmss_with_outbound_ip_prefixes_then_update 
[gw3] [  9%] PASSED src/azure-cli/azure/cli/command_modules/appservice/tests/latest/test_webapp_commands.py::AppServicePlanScenarioTest::test_retain_plan 
src/azure-cli/azure/cli/command_modules/appservice/tests/latest/test_webapp_commands.py::WebappConfigureTest::test_webapp_update_site_configs_persists_ip_restrictions 
[gw3] [  9%] PASSED src/azure-cli/azure/cli/command_modules/appservice/tests/latest/test_webapp_commands.py::WebappConfigureTest::test_webapp_update_site_configs_persists_ip_restrictions 
src/azure-cli/azure/cli/command_modules/appservice/tests/latest/test_webapp_commands.py::LinuxWebappRemoteSSHScenarioTest::test_linux_webapp_remote_ssh 
[gw0] [ 10%] PASSED src/azure-cli/azure/cli/command_modules/acs/tests/latest/test_aks_commands.py::AzureKubernetesServiceScenarioTest::test_aks_create_slb_vmss_with_outbound_ip_prefixes_then_update 
src/azure-cli/azure/cli/command_modules/acs/tests/latest/test_aks_commands.py::AzureKubernetesServiceScenarioTest::test_aks_create_spot_node_pool 
[gw3] [ 10%] PASSED src/azure-cli/azure/cli/command_modules/appservice/tests/latest/test_webapp_commands.py::LinuxWebappRemoteSSHScenarioTest::test_linux_webapp_remote_ssh 
src/azure-cli/azure/cli/command_modules/appservice/tests/latest/test_webapp_commands.py::FunctionAppCreateUsingACR::test_acr_create_function_app 
[gw1] [ 10%] PASSED src/azure-cli/azure/cli/command_modules/acs/tests/latest/test_aks_commands.py::AzureKubernetesServiceScenarioTest::test_aks_create_with_windows 
src/azure-cli/azure/cli/command_modules/acs/tests/latest/test_aks_commands.py::AzureKubernetesServiceScenarioTest::test_aks_managed_identity_with_service_principal 
[gw3] [ 10%] PASSED src/azure-cli/azure/cli/command_modules/appservice/tests/latest/test_webapp_commands.py::FunctionAppCreateUsingACR::test_acr_create_function_app 
src/azure-cli/azure/cli/command_modules/appservice/tests/latest/test_webapp_commands.py::WebappSlotTrafficRouting::test_traffic_routing 
[gw3] [ 10%] PASSED src/azure-cli/azure/cli/command_modules/appservice/tests/latest/test_webapp_commands.py::WebappSlotTrafficRouting::test_traffic_routing 
src/azure-cli/azure/cli/command_modules/appservice/tests/latest/test_webapp_commands.py::WebappSSLCertTest::test_webapp_ssl 
[gw0] [ 10%] FAILED src/azure-cli/azure/cli/command_modules/acs/tests/latest/test_aks_commands.py::AzureKubernetesServiceScenarioTest::test_aks_create_spot_node_pool 
src/azure-cli/azure/cli/command_modules/acs/tests/latest/test_aks_commands.py::AzureKubernetesServiceScenarioTest::test_aks_create_with_managed_disk 
[gw1] [ 11%] FAILED src/azure-cli/azure/cli/command_modules/acs/tests/latest/test_aks_commands.py::AzureKubernetesServiceScenarioTest::test_aks_managed_identity_with_service_principal 
src/azure-cli/azure/cli/command_modules/acs/tests/latest/test_aks_commands.py::AzureKubernetesServiceScenarioTest::test_aks_nodepool_system_pool 
[gw3] [ 11%] PASSED src/azure-cli/azure/cli/command_modules/appservice/tests/latest/test_webapp_commands.py::WebappSSLCertTest::test_webapp_ssl 
src/azure-cli/azure/cli/command_modules/appservice/tests/latest/test_webapp_commands.py::FunctionAppWithPlanE2ETest::test_functionapp_e2e 
[gw0] [ 11%] FAILED src/azure-cli/azure/cli/command_modules/acs/tests/latest/test_aks_commands.py::AzureKubernetesServiceScenarioTest::test_aks_create_with_managed_disk 
src/azure-cli/azure/cli/command_modules/acs/tests/latest/test_aks_commands.py::AzureKubernetesServiceScenarioTest::test_aks_create_with_ppg_msi 
[gw3] [ 11%] PASSED src/azure-cli/azure/cli/command_modules/appservice/tests/latest/test_webapp_commands.py::FunctionAppWithPlanE2ETest::test_functionapp_e2e 
src/azure-cli/azure/cli/command_modules/appservice/tests/latest/test_webapp_commands.py::FunctionAppOnLinux::test_functionapp_on_linux 
[gw3] [ 11%] PASSED src/azure-cli/azure/cli/command_modules/appservice/tests/latest/test_webapp_commands.py::FunctionAppOnLinux::test_functionapp_on_linux 
src/azure-cli/azure/cli/command_modules/appservice/tests/latest/test_webapp_commands.py::FunctionAppOnLinux::test_functionapp_on_linux_version_error 
[gw3] [ 12%] PASSED src/azure-cli/azure/cli/command_modules/appservice/tests/latest/test_webapp_commands.py::FunctionAppOnLinux::test_functionapp_on_linux_version_error 
src/azure-cli/azure/cli/command_modules/appservice/tests/latest/test_webapp_commands.py::FunctionAppSlotTests::test_functionapp_slot_appsetting_update 
[gw1] [ 12%] PASSED src/azure-cli/azure/cli/command_modules/acs/tests/latest/test_aks_commands.py::AzureKubernetesServiceScenarioTest::test_aks_nodepool_system_pool 
src/azure-cli/azure/cli/command_modules/acs/tests/latest/test_aks_commands.py::AzureKubernetesServiceScenarioTest::test_aks_upgrade_node_image_only_nodepool 
[gw2] [ 12%] PASSED src/azure-cli/azure/cli/command_modules/acs/tests/latest/test_aks_commands.py::AzureKubernetesServiceScenarioTest::test_aks_create_with_ahub 
src/azure-cli/azure/cli/command_modules/acs/tests/latest/test_aks_commands.py::AzureKubernetesServiceScenarioTest::test_aks_create_with_paid_sku_msi 
[gw3] [ 12%] PASSED src/azure-cli/azure/cli/command_modules/appservice/tests/latest/test_webapp_commands.py::FunctionAppSlotTests::test_functionapp_slot_appsetting_update 
src/azure-cli/azure/cli/command_modules/appservice/tests/latest/test_webapp_commands.py::WebappUpdateTest::test_webapp_update 
[gw0] [ 12%] PASSED src/azure-cli/azure/cli/command_modules/acs/tests/latest/test_aks_commands.py::AzureKubernetesServiceScenarioTest::test_aks_create_with_ppg_msi 
src/azure-cli/azure/cli/command_modules/acs/tests/latest/test_aks_commands.py::AzureKubernetesServiceScenarioTest::test_aks_managed_aad_msi 
[gw3] [ 12%] PASSED src/azure-cli/azure/cli/command_modules/appservice/tests/latest/test_webapp_commands.py::WebappUpdateTest::test_webapp_update 
src/azure-cli/azure/cli/command_modules/appservice/tests/latest/test_webapp_commands.py::WebappImplictIdentityTest::test_webapp_remove_identity 
[gw2] [ 13%] FAILED src/azure-cli/azure/cli/command_modules/acs/tests/latest/test_aks_commands.py::AzureKubernetesServiceScenarioTest::test_aks_create_with_paid_sku_msi 
src/azure-cli/azure/cli/command_modules/acs/tests/latest/test_aks_commands.py::AzureKubernetesServiceScenarioTest::test_aks_create_with_windows_msi 
[gw1] [ 13%] FAILED src/azure-cli/azure/cli/command_modules/acs/tests/latest/test_aks_commands.py::AzureKubernetesServiceScenarioTest::test_aks_upgrade_node_image_only_nodepool 
src/azure-cli/azure/cli/command_modules/appservice/tests/latest/test_functionapp_access_restriction_commands.py::FunctionAppAccessRestrictionScenarioTest::test_functionapp_access_restriction_add_service_endpoint 
[gw3] [ 13%] PASSED src/azure-cli/azure/cli/command_modules/appservice/tests/latest/test_webapp_commands.py::WebappImplictIdentityTest::test_webapp_remove_identity 
src/azure-cli/azure/cli/command_modules/appservice/tests/latest/test_webapp_commands.py::WebappWindowsContainerBasicE2ETest::test_webapp_create_with_msi 
[gw0] [ 13%] FAILED src/azure-cli/azure/cli/command_modules/acs/tests/latest/test_aks_commands.py::AzureKubernetesServiceScenarioTest::test_aks_managed_aad_msi 
src/azure-cli/azure/cli/command_modules/acs/tests/latest/test_aks_commands.py::AzureKubernetesServiceScenarioTest::test_aks_nodepool_create_scale_delete_msi 
[gw3] [ 13%] FAILED src/azure-cli/azure/cli/command_modules/appservice/tests/latest/test_webapp_commands.py::WebappWindowsContainerBasicE2ETest::test_webapp_create_with_msi 
src/azure-cli/azure/cli/command_modules/appservice/tests/latest/test_webapp_commands.py::WebappNetworkConnectionTests::test_webapp_hybridconnectionE2E 
[gw1] [ 14%] PASSED src/azure-cli/azure/cli/command_modules/appservice/tests/latest/test_functionapp_access_restriction_commands.py::FunctionAppAccessRestrictionScenarioTest::test_functionapp_access_restriction_add_service_endpoint 
src/azure-cli/azure/cli/command_modules/appservice/tests/latest/test_webapp_access_restriction_commands.py::WebAppAccessRestrictionScenarioTest::test_webapp_access_restriction_add_service_endpoint 
[gw1] [ 14%] PASSED src/azure-cli/azure/cli/command_modules/appservice/tests/latest/test_webapp_access_restriction_commands.py::WebAppAccessRestrictionScenarioTest::test_webapp_access_restriction_add_service_endpoint 
src/azure-cli/azure/cli/command_modules/appservice/tests/latest/test_webapp_access_restriction_commands.py::WebAppAccessRestrictionScenarioTest::test_webapp_access_restriction_set_simple 
[gw2] [ 14%] FAILED src/azure-cli/azure/cli/command_modules/acs/tests/latest/test_aks_commands.py::AzureKubernetesServiceScenarioTest::test_aks_create_with_windows_msi 
src/azure-cli/azure/cli/command_modules/acs/tests/latest/test_aks_commands.py::AzureKubernetesServiceScenarioTest::test_aks_managed_identity_without_service_principal 
[gw1] [ 14%] PASSED src/azure-cli/azure/cli/command_modules/appservice/tests/latest/test_webapp_access_restriction_commands.py::WebAppAccessRestrictionScenarioTest::test_webapp_access_restriction_set_simple 
src/azure-cli/azure/cli/command_modules/appservice/tests/latest/test_webapp_commands.py::WebappQuickCreateTest::test_create_in_different_group 
[gw0] [ 14%] FAILED src/azure-cli/azure/cli/command_modules/acs/tests/latest/test_aks_commands.py::AzureKubernetesServiceScenarioTest::test_aks_nodepool_create_scale_delete_msi 
src/azure-cli/azure/cli/command_modules/acs/tests/latest/test_aks_commands.py::AzureKubernetesServiceScenarioTest::test_aks_upgrade_node_image_only_cluster_msi 
[gw1] [ 14%] PASSED src/azure-cli/azure/cli/command_modules/appservice/tests/latest/test_webapp_commands.py::WebappQuickCreateTest::test_create_in_different_group 
src/azure-cli/azure/cli/command_modules/appservice/tests/latest/test_webapp_commands.py::WebappQuickCreateTest::test_linux_webapp_quick_create_cd 
[gw3] [ 15%] PASSED src/azure-cli/azure/cli/command_modules/appservice/tests/latest/test_webapp_commands.py::WebappNetworkConnectionTests::test_webapp_hybridconnectionE2E 
src/azure-cli/azure/cli/command_modules/appservice/tests/latest/test_webapp_commands.py::WebappNetworkConnectionTests::test_webapp_vnetDelegation 
[gw3] [ 15%] PASSED src/azure-cli/azure/cli/command_modules/appservice/tests/latest/test_webapp_commands.py::WebappNetworkConnectionTests::test_webapp_vnetDelegation 
src/azure-cli/azure/cli/command_modules/appservice/tests/latest/test_webapp_commands.py::WebappNetworkConnectionTests::test_webapp_vnetE2E 
[gw0] [ 15%] FAILED src/azure-cli/azure/cli/command_modules/acs/tests/latest/test_aks_commands.py::AzureKubernetesServiceScenarioTest::test_aks_upgrade_node_image_only_cluster_msi 
src/azure-cli/azure/cli/command_modules/appconfig/tests/latest/test_appconfig_commands.py::AppConfigIdentityScenarioTest::test_azconfig_identity 
[gw3] [ 15%] PASSED src/azure-cli/azure/cli/command_modules/appservice/tests/latest/test_webapp_commands.py::WebappNetworkConnectionTests::test_webapp_vnetE2E 
src/azure-cli/azure/cli/command_modules/appservice/tests/latest/test_webapp_commands.py::WebappNetworkConnectionTests::test_webapp_vnetSameName 
[gw0] [ 15%] PASSED src/azure-cli/azure/cli/command_modules/appconfig/tests/latest/test_appconfig_commands.py::AppConfigIdentityScenarioTest::test_azconfig_identity 
src/azure-cli/azure/cli/command_modules/appservice/tests/latest/test_webapp_access_restriction_commands.py::WebAppAccessRestrictionScenarioTest::test_webapp_access_restriction_add_scm 
[gw2] [ 16%] PASSED src/azure-cli/azure/cli/command_modules/acs/tests/latest/test_aks_commands.py::AzureKubernetesServiceScenarioTest::test_aks_managed_identity_without_service_principal 
src/azure-cli/azure/cli/command_modules/acs/tests/latest/test_aks_commands.py::AzureKubernetesServiceScenarioTest::test_aks_nodepool_system_pool_msi 
[gw0] [ 16%] PASSED src/azure-cli/azure/cli/command_modules/appservice/tests/latest/test_webapp_access_restriction_commands.py::WebAppAccessRestrictionScenarioTest::test_webapp_access_restriction_add_scm 
src/azure-cli/azure/cli/command_modules/appservice/tests/latest/test_webapp_access_restriction_commands.py::WebAppAccessRestrictionScenarioTest::test_webapp_access_restriction_set_complex 
[gw1] [ 16%] PASSED src/azure-cli/azure/cli/command_modules/appservice/tests/latest/test_webapp_commands.py::WebappQuickCreateTest::test_linux_webapp_quick_create_cd 
src/azure-cli/azure/cli/command_modules/appservice/tests/latest/test_webapp_commands.py::BackupWithName::test_backup_with_name 
[gw3] [ 16%] PASSED src/azure-cli/azure/cli/command_modules/appservice/tests/latest/test_webapp_commands.py::WebappNetworkConnectionTests::test_webapp_vnetSameName 
src/azure-cli/azure/cli/command_modules/appservice/tests/latest/test_webapp_commands.py::WebappDeploymentLogsScenarioTest::test_webapp_list_deployment_logs 
[gw0] [ 16%] PASSED src/azure-cli/azure/cli/command_modules/appservice/tests/latest/test_webapp_access_restriction_commands.py::WebAppAccessRestrictionScenarioTest::test_webapp_access_restriction_set_complex 
src/azure-cli/azure/cli/command_modules/appservice/tests/latest/test_webapp_commands.py::WebappBasicE2ETest::test_webapp_e2e 
[gw1] [ 16%] PASSED src/azure-cli/azure/cli/command_modules/appservice/tests/latest/test_webapp_commands.py::BackupWithName::test_backup_with_name 
src/azure-cli/azure/cli/command_modules/appservice/tests/latest/test_webapp_commands.py::WebappConfigureTest::test_webapp_config 
[gw2] [ 17%] FAILED src/azure-cli/azure/cli/command_modules/acs/tests/latest/test_aks_commands.py::AzureKubernetesServiceScenarioTest::test_aks_nodepool_system_pool_msi 
src/azure-cli/azure/cli/command_modules/acs/tests/latest/test_aks_commands.py::AzureKubernetesServiceScenarioTest::test_aks_upgrade_node_image_only_nodepool_msi 
[gw3] [ 17%] PASSED src/azure-cli/azure/cli/command_modules/appservice/tests/latest/test_webapp_commands.py::WebappDeploymentLogsScenarioTest::test_webapp_list_deployment_logs 
src/azure-cli/azure/cli/command_modules/appservice/tests/latest/test_webapp_commands.py::WebappDeploymentLogsScenarioTest::test_webapp_show_deployment_logs 
[gw0] [ 17%] PASSED src/azure-cli/azure/cli/command_modules/appservice/tests/latest/test_webapp_commands.py::WebappBasicE2ETest::test_webapp_e2e 
src/azure-cli/azure/cli/command_modules/appservice/tests/latest/test_webapp_commands.py::WebappQuickCreateTest::test_linux_webapp_quick_create 
[gw1] [ 17%] PASSED src/azure-cli/azure/cli/command_modules/appservice/tests/latest/test_webapp_commands.py::WebappConfigureTest::test_webapp_config 
src/azure-cli/azure/cli/command_modules/appservice/tests/latest/test_webapp_commands.py::AppServiceBadErrorPolishTest::test_appservice_error_polish 
[gw3] [ 17%] PASSED src/azure-cli/azure/cli/command_modules/appservice/tests/latest/test_webapp_commands.py::WebappDeploymentLogsScenarioTest::test_webapp_show_deployment_logs 
src/azure-cli/azure/cli/command_modules/appservice/tests/latest/test_webapp_commands.py::WebappLocalContextScenarioTest::test_webapp_local_context 
[gw1] [ 18%] PASSED src/azure-cli/azure/cli/command_modules/appservice/tests/latest/test_webapp_commands.py::AppServiceBadErrorPolishTest::test_appservice_error_polish 
src/azure-cli/azure/cli/command_modules/appservice/tests/latest/test_webapp_commands.py::WebappACRScenarioTest::test_acr_integration 
[gw2] [ 18%] FAILED src/azure-cli/azure/cli/command_modules/acs/tests/latest/test_aks_commands.py::AzureKubernetesServiceScenarioTest::test_aks_upgrade_node_image_only_nodepool_msi 
src/azure-cli/azure/cli/command_modules/appservice/tests/latest/test_webapp_access_restriction_commands.py::WebAppAccessRestrictionScenarioTest::test_webapp_access_restriction_add 
[gw1] [ 18%] PASSED src/azure-cli/azure/cli/command_modules/appservice/tests/latest/test_webapp_commands.py::WebappACRScenarioTest::test_acr_integration 
src/azure-cli/azure/cli/command_modules/appservice/tests/latest/test_webapp_commands.py::WebappGitScenarioTest::test_webapp_git 
[gw3] [ 18%] PASSED src/azure-cli/azure/cli/command_modules/appservice/tests/latest/test_webapp_commands.py::WebappLocalContextScenarioTest::test_webapp_local_context 
src/azure-cli/azure/cli/command_modules/appservice/tests/latest/test_webapp_commands.py::FunctionappLocalContextScenarioTest::test_functionapp_local_context 
[gw2] [ 18%] PASSED src/azure-cli/azure/cli/command_modules/appservice/tests/latest/test_webapp_access_restriction_commands.py::WebAppAccessRestrictionScenarioTest::test_webapp_access_restriction_add 
src/azure-cli/azure/cli/command_modules/appservice/tests/latest/test_webapp_access_restriction_commands.py::WebAppAccessRestrictionScenarioTest::test_webapp_access_restriction_remove 
[gw0] [ 18%] PASSED src/azure-cli/azure/cli/command_modules/appservice/tests/latest/test_webapp_commands.py::WebappQuickCreateTest::test_linux_webapp_quick_create 
src/azure-cli/azure/cli/command_modules/appservice/tests/latest/test_webapp_commands.py::WebappQuickCreateTest::test_win_webapp_quick_create_runtime 
[gw2] [ 19%] PASSED src/azure-cli/azure/cli/command_modules/appservice/tests/latest/test_webapp_access_restriction_commands.py::WebAppAccessRestrictionScenarioTest::test_webapp_access_restriction_remove 
src/azure-cli/azure/cli/command_modules/appservice/tests/latest/test_webapp_access_restriction_commands.py::WebAppAccessRestrictionScenarioTest::test_webapp_access_restriction_show 
[gw3] [ 19%] PASSED src/azure-cli/azure/cli/command_modules/appservice/tests/latest/test_webapp_commands.py::FunctionappLocalContextScenarioTest::test_functionapp_local_context 
src/azure-cli/azure/cli/command_modules/aro/tests/latest/test_aro_commands.py::AroScenarioTests::test_aro_create 
[gw2] [ 19%] PASSED src/azure-cli/azure/cli/command_modules/appservice/tests/latest/test_webapp_access_restriction_commands.py::WebAppAccessRestrictionScenarioTest::test_webapp_access_restriction_show 
src/azure-cli/azure/cli/command_modules/appservice/tests/latest/test_webapp_commands.py::WebappQuickCreateTest::test_create_names_are_substrings 
[gw3] [ 19%] FAILED src/azure-cli/azure/cli/command_modules/aro/tests/latest/test_aro_commands.py::AroScenarioTests::test_aro_create 
src/azure-cli/azure/cli/command_modules/aro/tests/latest/test_aro_commands.py::AroScenarioTests::test_aro_delete 
[gw0] [ 19%] PASSED src/azure-cli/azure/cli/command_modules/appservice/tests/latest/test_webapp_commands.py::WebappQuickCreateTest::test_win_webapp_quick_create_runtime 
src/azure-cli/azure/cli/command_modules/appservice/tests/latest/test_webapp_commands.py::WebappConfigureTest::test_update_webapp_settings_thru_json 
[gw3] [ 20%] FAILED src/azure-cli/azure/cli/command_modules/aro/tests/latest/test_aro_commands.py::AroScenarioTests::test_aro_delete 
src/azure-cli/azure/cli/command_modules/aro/tests/latest/test_aro_commands.py::AroScenarioTests::test_aro_list 
[gw1] [ 20%] PASSED src/azure-cli/azure/cli/command_modules/appservice/tests/latest/test_webapp_commands.py::WebappGitScenarioTest::test_webapp_git 
src/azure-cli/azure/cli/command_modules/appservice/tests/latest/test_webapp_commands.py::AppServiceCors::test_webapp_cors 
[gw3] [ 20%] FAILED src/azure-cli/azure/cli/command_modules/aro/tests/latest/test_aro_commands.py::AroScenarioTests::test_aro_list 
src/azure-cli/azure/cli/command_modules/aro/tests/latest/test_aro_commands.py::AroScenarioTests::test_aro_list_credentials 
[gw0] [ 20%] PASSED src/azure-cli/azure/cli/command_modules/appservice/tests/latest/test_webapp_commands.py::WebappConfigureTest::test_update_webapp_settings_thru_json 
src/azure-cli/azure/cli/command_modules/appservice/tests/latest/test_webapp_commands.py::WebappScaleTest::test_webapp_scale 
[gw3] [ 20%] FAILED src/azure-cli/azure/cli/command_modules/aro/tests/latest/test_aro_commands.py::AroScenarioTests::test_aro_list_credentials 
src/azure-cli/azure/cli/command_modules/aro/tests/latest/test_aro_commands.py::AroScenarioTests::test_aro_show 
[gw3] [ 20%] FAILED src/azure-cli/azure/cli/command_modules/aro/tests/latest/test_aro_commands.py::AroScenarioTests::test_aro_show 
src/azure-cli/azure/cli/command_modules/aro/tests/latest/test_aro_commands.py::AroScenarioTests::test_aro_update 
[gw0] [ 21%] PASSED src/azure-cli/azure/cli/command_modules/appservice/tests/latest/test_webapp_commands.py::WebappScaleTest::test_webapp_scale 
src/azure-cli/azure/cli/command_modules/appservice/tests/latest/test_webapp_commands.py::LinuxWebappMulticontainerSlotScenarioTest::test_linux_webapp_multicontainer_slot 
[gw3] [ 21%] FAILED src/azure-cli/azure/cli/command_modules/aro/tests/latest/test_aro_commands.py::AroScenarioTests::test_aro_update 
src/azure-cli/azure/cli/command_modules/backup/tests/latest/test_backup_commands.py::BackupTests::test_backup_container 
[gw1] [ 21%] PASSED src/azure-cli/azure/cli/command_modules/appservice/tests/latest/test_webapp_commands.py::AppServiceCors::test_webapp_cors 
src/azure-cli/azure/cli/command_modules/appservice/tests/latest/test_webapp_commands.py::WebappSSLImportCertTest::test_webapp_ssl_import_crossrg 
[gw2] [ 21%] PASSED src/azure-cli/azure/cli/command_modules/appservice/tests/latest/test_webapp_commands.py::WebappQuickCreateTest::test_create_names_are_substrings 
src/azure-cli/azure/cli/command_modules/appservice/tests/latest/test_webapp_commands.py::WebappQuickCreateTest::test_win_webapp_quick_create 
[gw2] [ 21%] PASSED src/azure-cli/azure/cli/command_modules/appservice/tests/latest/test_webapp_commands.py::WebappQuickCreateTest::test_win_webapp_quick_create 
src/azure-cli/azure/cli/command_modules/appservice/tests/latest/test_webapp_commands.py::AppServiceLogTest::test_download_win_web_log 
[gw0] [ 22%] PASSED src/azure-cli/azure/cli/command_modules/appservice/tests/latest/test_webapp_commands.py::LinuxWebappMulticontainerSlotScenarioTest::test_linux_webapp_multicontainer_slot 
src/azure-cli/azure/cli/command_modules/appservice/tests/latest/test_webapp_commands.py::FunctionappACRDeploymentScenarioTest::test_acr_deployment_function_app 
[gw1] [ 22%] PASSED src/azure-cli/azure/cli/command_modules/appservice/tests/latest/test_webapp_commands.py::WebappSSLImportCertTest::test_webapp_ssl_import_crossrg 
src/azure-cli/azure/cli/command_modules/appservice/tests/latest/test_webapp_commands.py::FunctionAppWithPlanE2ETest::test_functionapp_on_linux_app_service_java_with_runtime_version 
[gw1] [ 22%] PASSED src/azure-cli/azure/cli/command_modules/appservice/tests/latest/test_webapp_commands.py::FunctionAppWithPlanE2ETest::test_functionapp_on_linux_app_service_java_with_runtime_version 
src/azure-cli/azure/cli/command_modules/appservice/tests/latest/test_webapp_commands.py::FunctionAppOnLinux::test_functionapp_on_linux_functions_version 
[gw2] [ 22%] PASSED src/azure-cli/azure/cli/command_modules/appservice/tests/latest/test_webapp_commands.py::AppServiceLogTest::test_download_win_web_log 
src/azure-cli/azure/cli/command_modules/appservice/tests/latest/test_webapp_commands.py::WebappConfigureTest::test_webapp_config_appsettings 
[gw0] [ 22%] PASSED src/azure-cli/azure/cli/command_modules/appservice/tests/latest/test_webapp_commands.py::FunctionappACRDeploymentScenarioTest::test_acr_deployment_function_app 
src/azure-cli/azure/cli/command_modules/appservice/tests/latest/test_webapp_commands.py::AppServiceCors::test_functionapp_cors 
[gw1] [ 22%] PASSED src/azure-cli/azure/cli/command_modules/appservice/tests/latest/test_webapp_commands.py::FunctionAppOnLinux::test_functionapp_on_linux_functions_version 
src/azure-cli/azure/cli/command_modules/appservice/tests/latest/test_webapp_commands.py::FunctionAppServicePlan::test_functionapp_elastic_plan 
[gw3] [ 23%] PASSED src/azure-cli/azure/cli/command_modules/backup/tests/latest/test_backup_commands.py::BackupTests::test_backup_container 
src/azure-cli/azure/cli/command_modules/backup/tests/latest/test_backup_commands.py::BackupTests::test_backup_disk_exclusion 
[gw1] [ 23%] FAILED src/azure-cli/azure/cli/command_modules/appservice/tests/latest/test_webapp_commands.py::FunctionAppServicePlan::test_functionapp_elastic_plan 
src/azure-cli/azure/cli/command_modules/appservice/tests/latest/test_webapp_commands.py::FunctionAppSlotTests::test_functionapp_slot_swap 
[gw2] [ 23%] PASSED src/azure-cli/azure/cli/command_modules/appservice/tests/latest/test_webapp_commands.py::WebappConfigureTest::test_webapp_config_appsettings 
src/azure-cli/azure/cli/command_modules/appservice/tests/latest/test_webapp_commands.py::LinuxWebappScenarioTest::test_linux_webapp 
[gw0] [ 23%] PASSED src/azure-cli/azure/cli/command_modules/appservice/tests/latest/test_webapp_commands.py::AppServiceCors::test_functionapp_cors 
src/azure-cli/azure/cli/command_modules/appservice/tests/latest/test_webapp_commands.py::WebappSSLImportCertTest::test_webapp_ssl_import 
[gw2] [ 23%] PASSED src/azure-cli/azure/cli/command_modules/appservice/tests/latest/test_webapp_commands.py::LinuxWebappScenarioTest::test_linux_webapp 
src/azure-cli/azure/cli/command_modules/appservice/tests/latest/test_webapp_commands.py::FunctionappACRScenarioTest::test_acr_integration_function_app 
[gw1] [ 24%] PASSED src/azure-cli/azure/cli/command_modules/appservice/tests/latest/test_webapp_commands.py::FunctionAppSlotTests::test_functionapp_slot_swap 
src/azure-cli/azure/cli/command_modules/appservice/tests/latest/test_webapp_commands.py::WebappImplictIdentityTest::test_webapp_assign_system_identity 
[gw0] [ 24%] PASSED src/azure-cli/azure/cli/command_modules/appservice/tests/latest/test_webapp_commands.py::WebappSSLImportCertTest::test_webapp_ssl_import 
src/azure-cli/azure/cli/command_modules/appservice/tests/latest/test_webapp_commands.py::FunctionAppWithPlanE2ETest::test_functionapp_on_linux_app_service_java 
[gw2] [ 24%] PASSED src/azure-cli/azure/cli/command_modules/appservice/tests/latest/test_webapp_commands.py::FunctionappACRScenarioTest::test_acr_integration_function_app 
src/azure-cli/azure/cli/command_modules/appservice/tests/latest/test_webapp_commands.py::WebappSlotScenarioTest::test_webapp_slot 
[gw0] [ 24%] PASSED src/azure-cli/azure/cli/command_modules/appservice/tests/latest/test_webapp_commands.py::FunctionAppWithPlanE2ETest::test_functionapp_on_linux_app_service_java 
src/azure-cli/azure/cli/command_modules/appservice/tests/latest/test_webapp_commands.py::FunctionAppOnLinux::test_functionapp_on_linux_custom_handler 
[gw1] [ 24%] PASSED src/azure-cli/azure/cli/command_modules/appservice/tests/latest/test_webapp_commands.py::WebappImplictIdentityTest::test_webapp_assign_system_identity 
src/azure-cli/azure/cli/command_modules/appservice/tests/latest/test_webapp_commands.py::WebappWindowsContainerBasicE2ETest::test_webapp_create_linux_free 
[gw0] [ 25%] PASSED src/azure-cli/azure/cli/command_modules/appservice/tests/latest/test_webapp_commands.py::FunctionAppOnLinux::test_functionapp_on_linux_custom_handler 
src/azure-cli/azure/cli/command_modules/appservice/tests/latest/test_webapp_commands.py::FunctionAppServicePlan::test_functionapp_app_service_plan 
[gw0] [ 25%] PASSED src/azure-cli/azure/cli/command_modules/appservice/tests/latest/test_webapp_commands.py::FunctionAppServicePlan::test_functionapp_app_service_plan 
src/azure-cli/azure/cli/command_modules/appservice/tests/latest/test_webapp_commands.py::FunctionAppSlotTests::test_functionapp_slot_creation 
[gw0] [ 25%] PASSED src/azure-cli/azure/cli/command_modules/appservice/tests/latest/test_webapp_commands.py::FunctionAppSlotTests::test_functionapp_slot_creation 
src/azure-cli/azure/cli/command_modules/appservice/tests/latest/test_webapp_commands.py::WebappZipDeployScenarioTest::test_deploy_zip 
[gw1] [ 25%] PASSED src/azure-cli/azure/cli/command_modules/appservice/tests/latest/test_webapp_commands.py::WebappWindowsContainerBasicE2ETest::test_webapp_create_linux_free 
src/azure-cli/azure/cli/command_modules/cdn/tests/latest/test_endpoint_scenarios.py::CdnEndpointScenarioTest::test_endpoint_start_and_stop 
[gw0] [ 25%] PASSED src/azure-cli/azure/cli/command_modules/appservice/tests/latest/test_webapp_commands.py::WebappZipDeployScenarioTest::test_deploy_zip 
src/azure-cli/azure/cli/command_modules/appservice/tests/latest/test_webapp_commands.py::WebappListLocationsFreeSKUTest::test_webapp_list_locations_free_sku 
[gw1] [ 25%] PASSED src/azure-cli/azure/cli/command_modules/cdn/tests/latest/test_endpoint_scenarios.py::CdnEndpointScenarioTest::test_endpoint_start_and_stop 
src/azure-cli/azure/cli/command_modules/cdn/tests/latest/test_endpoint_scenarios.py::CdnEndpointScenarioTest::test_private_link 
[gw1] [ 26%] SKIPPED src/azure-cli/azure/cli/command_modules/cdn/tests/latest/test_endpoint_scenarios.py::CdnEndpointScenarioTest::test_private_link 
src/azure-cli/azure/cli/command_modules/cdn/tests/latest/test_endpoint_scenarios.py::CdnEndpointScenarioTest::test_rule_engine_crud 
[gw0] [ 26%] PASSED src/azure-cli/azure/cli/command_modules/appservice/tests/latest/test_webapp_commands.py::WebappListLocationsFreeSKUTest::test_webapp_list_locations_free_sku 
src/azure-cli/azure/cli/command_modules/appservice/tests/latest/test_webapp_commands.py::WebappWindowsContainerBasicE2ETest::test_webapp_hyperv_e2e 
[gw0] [ 26%] PASSED src/azure-cli/azure/cli/command_modules/appservice/tests/latest/test_webapp_commands.py::WebappWindowsContainerBasicE2ETest::test_webapp_hyperv_e2e 
src/azure-cli/azure/cli/command_modules/cosmosdb/tests/latest/test_cosmosdb_commands.py::CosmosDBTests::test_enable_multiple_write_locations 
[gw2] [ 26%] PASSED src/azure-cli/azure/cli/command_modules/appservice/tests/latest/test_webapp_commands.py::WebappSlotScenarioTest::test_webapp_slot 
src/azure-cli/azure/cli/command_modules/appservice/tests/latest/test_webapp_commands.py::WebappSlotSwapScenarioTest::test_webapp_slot_swap 
[gw0] [ 26%] PASSED src/azure-cli/azure/cli/command_modules/cosmosdb/tests/latest/test_cosmosdb_commands.py::CosmosDBTests::test_enable_multiple_write_locations 
src/azure-cli/azure/cli/command_modules/cosmosdb/tests/latest/test_cosmosdb_commands.py::CosmosDBTests::test_keys_database_account 
[gw1] [ 27%] PASSED src/azure-cli/azure/cli/command_modules/cdn/tests/latest/test_endpoint_scenarios.py::CdnEndpointScenarioTest::test_rule_engine_crud 
src/azure-cli/azure/cli/command_modules/cdn/tests/latest/test_origin_scenarios.py::CdnOriginScenarioTest::test_origin_crud 
[gw1] [ 27%] SKIPPED src/azure-cli/azure/cli/command_modules/cdn/tests/latest/test_origin_scenarios.py::CdnOriginScenarioTest::test_origin_crud 
src/azure-cli/azure/cli/command_modules/cdn/tests/latest/test_profile_scenarios.py::CdnProfileScenarioTest::test_cdn_profile_crud 
[gw1] [ 27%] PASSED src/azure-cli/azure/cli/command_modules/cdn/tests/latest/test_profile_scenarios.py::CdnProfileScenarioTest::test_cdn_profile_crud 
src/azure-cli/azure/cli/command_modules/cdn/tests/latest/test_profile_scenarios.py::CdnProfileMicrosoftScenarioTest::test_cdn_microsoft_standard_sku 
[gw1] [ 27%] PASSED src/azure-cli/azure/cli/command_modules/cdn/tests/latest/test_profile_scenarios.py::CdnProfileMicrosoftScenarioTest::test_cdn_microsoft_standard_sku 
src/azure-cli/azure/cli/command_modules/cdn/tests/latest/test_waf_scenarios.py::CdnWafEndpointLinkScenarioTest::test_cdn_waf_endpoint_link 
[gw2] [ 27%] PASSED src/azure-cli/azure/cli/command_modules/appservice/tests/latest/test_webapp_commands.py::WebappSlotSwapScenarioTest::test_webapp_slot_swap 
src/azure-cli/azure/cli/command_modules/appservice/tests/latest/test_webapp_commands.py::WebappUndeleteTest::test_webapp_deleted_list 
[gw2] [ 27%] PASSED src/azure-cli/azure/cli/command_modules/appservice/tests/latest/test_webapp_commands.py::WebappUndeleteTest::test_webapp_deleted_list 
src/azure-cli/azure/cli/command_modules/appservice/tests/latest/test_webapp_commands.py::FunctionUpdatePlan::test_move_plan_to_elastic 
[gw1] [ 28%] PASSED src/azure-cli/azure/cli/command_modules/cdn/tests/latest/test_waf_scenarios.py::CdnWafEndpointLinkScenarioTest::test_cdn_waf_endpoint_link 
src/azure-cli/azure/cli/command_modules/cognitiveservices/tests/latest/test_network_rules.py::CognitiveServicesNetworkRulesTests::test_cognitiveservices_network_rules 
[gw0] [ 28%] PASSED src/azure-cli/azure/cli/command_modules/cosmosdb/tests/latest/test_cosmosdb_commands.py::CosmosDBTests::test_keys_database_account 
src/azure-cli/azure/cli/command_modules/cosmosdb/tests/latest/test_cosmosdb_commands.py::CosmosDBTests::test_list_database_accounts 
[gw2] [ 28%] PASSED src/azure-cli/azure/cli/command_modules/appservice/tests/latest/test_webapp_commands.py::FunctionUpdatePlan::test_move_plan_to_elastic 
src/azure-cli/azure/cli/command_modules/appservice/tests/latest/test_webapp_commands.py::FunctionAppOnLinux::test_functionapp_on_linux_version 
[gw1] [ 28%] PASSED src/azure-cli/azure/cli/command_modules/cognitiveservices/tests/latest/test_network_rules.py::CognitiveServicesNetworkRulesTests::test_cognitiveservices_network_rules 
src/azure-cli/azure/cli/command_modules/container/tests/latest/test_container_commands.py::AzureContainerInstanceScenarioTest::test_container_create_with_acr 
[gw1] [ 28%] SKIPPED src/azure-cli/azure/cli/command_modules/container/tests/latest/test_container_commands.py::AzureContainerInstanceScenarioTest::test_container_create_with_acr 
src/azure-cli/azure/cli/command_modules/cosmosdb/tests/latest/test_cosmosdb_commands.py::CosmosDBTests::test_check_name_exists_database_account 
[gw2] [ 29%] PASSED src/azure-cli/azure/cli/command_modules/appservice/tests/latest/test_webapp_commands.py::FunctionAppOnLinux::test_functionapp_on_linux_version 
src/azure-cli/azure/cli/command_modules/appservice/tests/latest/test_webapp_commands.py::FunctionAppServicePlanLinux::test_functionapp_app_service_plan_linux 
[gw2] [ 29%] PASSED src/azure-cli/azure/cli/command_modules/appservice/tests/latest/test_webapp_commands.py::FunctionAppServicePlanLinux::test_functionapp_app_service_plan_linux 
src/azure-cli/azure/cli/command_modules/appservice/tests/latest/test_webapp_commands.py::WebappAuthenticationTest::test_webapp_authentication 
[gw2] [ 29%] PASSED src/azure-cli/azure/cli/command_modules/appservice/tests/latest/test_webapp_commands.py::WebappAuthenticationTest::test_webapp_authentication 
src/azure-cli/azure/cli/command_modules/appservice/tests/latest/test_webapp_commands.py::WebappImplictIdentityTest::test_webapp_assign_user_identity 
[gw2] [ 29%] PASSED src/azure-cli/azure/cli/command_modules/appservice/tests/latest/test_webapp_commands.py::WebappImplictIdentityTest::test_webapp_assign_user_identity 
src/azure-cli/azure/cli/command_modules/appservice/tests/latest/test_webapp_commands.py::WebappWindowsContainerBasicE2ETest::test_webapp_create_noAlwaysOn 
[gw0] [ 29%] PASSED src/azure-cli/azure/cli/command_modules/cosmosdb/tests/latest/test_cosmosdb_commands.py::CosmosDBTests::test_list_database_accounts 
src/azure-cli/azure/cli/command_modules/cosmosdb/tests/latest/test_cosmosdb_commands.py::CosmosDBTests::test_list_databases 
[gw1] [ 29%] PASSED src/azure-cli/azure/cli/command_modules/cosmosdb/tests/latest/test_cosmosdb_commands.py::CosmosDBTests::test_check_name_exists_database_account 
src/azure-cli/azure/cli/command_modules/cosmosdb/tests/latest/test_cosmosdb_commands.py::CosmosDBTests::test_cosmosdb_cassandra_keyspace 
[gw2] [ 30%] PASSED src/azure-cli/azure/cli/command_modules/appservice/tests/latest/test_webapp_commands.py::WebappWindowsContainerBasicE2ETest::test_webapp_create_noAlwaysOn 
src/azure-cli/azure/cli/command_modules/keyvault/tests/latest/test_keyvault_commands.py::KeyVaultHSMKeyUsingHSMNameScenarioTest::test_keyvault_hsm_key_using_hsm_name 
[gw2] [ 30%] SKIPPED src/azure-cli/azure/cli/command_modules/keyvault/tests/latest/test_keyvault_commands.py::KeyVaultHSMKeyUsingHSMNameScenarioTest::test_keyvault_hsm_key_using_hsm_name 
src/azure-cli/azure/cli/command_modules/keyvault/tests/latest/test_keyvault_commands.py::KeyVaultHSMKeyUsingHSMURLScenarioTest::test_keyvault_hsm_key_using_hsm_url 
[gw2] [ 30%] SKIPPED src/azure-cli/azure/cli/command_modules/keyvault/tests/latest/test_keyvault_commands.py::KeyVaultHSMKeyUsingHSMURLScenarioTest::test_keyvault_hsm_key_using_hsm_url 
src/azure-cli/azure/cli/command_modules/keyvault/tests/latest/test_keyvault_commands.py::KeyVaultHSMKeyDownloadScenarioTest::test_keyvault_hsm_key_download 
[gw2] [ 30%] SKIPPED src/azure-cli/azure/cli/command_modules/keyvault/tests/latest/test_keyvault_commands.py::KeyVaultHSMKeyDownloadScenarioTest::test_keyvault_hsm_key_download 
src/azure-cli/azure/cli/command_modules/monitor/tests/latest/test_monitor_activity_log_alert.py::TestMonitorActivityLogAlert::test_monitor_activity_log_alert_update_action 
[gw2] [ 30%] PASSED src/azure-cli/azure/cli/command_modules/monitor/tests/latest/test_monitor_activity_log_alert.py::TestMonitorActivityLogAlert::test_monitor_activity_log_alert_update_action 
src/azure-cli/azure/cli/command_modules/monitor/tests/latest/test_monitor_activity_log_alert.py::TestMonitorActivityLogAlert::test_monitor_activity_log_alert_update_condition 
[gw2] [ 31%] PASSED src/azure-cli/azure/cli/command_modules/monitor/tests/latest/test_monitor_activity_log_alert.py::TestMonitorActivityLogAlert::test_monitor_activity_log_alert_update_condition 
src/azure-cli/azure/cli/command_modules/monitor/tests/latest/test_monitor_activity_log_alert.py::TestMonitorActivityLogAlert::test_monitor_activity_log_alert_update_scope 
[gw0] [ 31%] PASSED src/azure-cli/azure/cli/command_modules/cosmosdb/tests/latest/test_cosmosdb_commands.py::CosmosDBTests::test_list_databases 
src/azure-cli/azure/cli/command_modules/cosmosdb/tests/latest/test_cosmosdb_commands.py::CosmosDBTests::test_locations_both_formats_database_accounts 
[gw2] [ 31%] PASSED src/azure-cli/azure/cli/command_modules/monitor/tests/latest/test_monitor_activity_log_alert.py::TestMonitorActivityLogAlert::test_monitor_activity_log_alert_update_scope 
src/azure-cli/azure/cli/command_modules/monitor/tests/latest/test_monitor_activity_log_alert.py::TestMonitorActivityLogAlert::test_monitor_create_default_activity_log_alert 
[gw2] [ 31%] PASSED src/azure-cli/azure/cli/command_modules/monitor/tests/latest/test_monitor_activity_log_alert.py::TestMonitorActivityLogAlert::test_monitor_create_default_activity_log_alert 
src/azure-cli/azure/cli/command_modules/monitor/tests/latest/test_monitor_activity_log_alert.py::TestMonitorActivityLogAlert::test_monitor_create_full_fledged_activity_log_alert 
[gw2] [ 31%] PASSED src/azure-cli/azure/cli/command_modules/monitor/tests/latest/test_monitor_activity_log_alert.py::TestMonitorActivityLogAlert::test_monitor_create_full_fledged_activity_log_alert 
src/azure-cli/azure/cli/command_modules/monitor/tests/latest/test_monitor_autoscale.py::TestMonitorAutoscaleScenario::test_monitor_autoscale_basic 
[gw2] [ 31%] FAILED src/azure-cli/azure/cli/command_modules/monitor/tests/latest/test_monitor_autoscale.py::TestMonitorAutoscaleScenario::test_monitor_autoscale_basic 
src/azure-cli/azure/cli/command_modules/monitor/tests/latest/test_monitor_autoscale.py::TestMonitorAutoscaleScenario::test_monitor_autoscale_fixed 
[gw2] [ 32%] FAILED src/azure-cli/azure/cli/command_modules/monitor/tests/latest/test_monitor_autoscale.py::TestMonitorAutoscaleScenario::test_monitor_autoscale_fixed 
src/azure-cli/azure/cli/command_modules/monitor/tests/latest/test_monitor_autoscale.py::TestMonitorAutoscaleScenario::test_monitor_autoscale_recurring 
[gw2] [ 32%] FAILED src/azure-cli/azure/cli/command_modules/monitor/tests/latest/test_monitor_autoscale.py::TestMonitorAutoscaleScenario::test_monitor_autoscale_recurring 
src/azure-cli/azure/cli/command_modules/monitor/tests/latest/test_monitor_autoscale.py::TestMonitorAutoscaleScenario::test_monitor_autoscale_rule_with_dimensions 
[gw2] [ 32%] FAILED src/azure-cli/azure/cli/command_modules/monitor/tests/latest/test_monitor_autoscale.py::TestMonitorAutoscaleScenario::test_monitor_autoscale_rule_with_dimensions 
src/azure-cli/azure/cli/command_modules/monitor/tests/latest/test_monitor_autoscale.py::TestMonitorAutoscaleScenario::test_monitor_autoscale_rules 
[gw2] [ 32%] FAILED src/azure-cli/azure/cli/command_modules/monitor/tests/latest/test_monitor_autoscale.py::TestMonitorAutoscaleScenario::test_monitor_autoscale_rules 
src/azure-cli/azure/cli/command_modules/monitor/tests/latest/test_monitor_autoscale.py::TestMonitorAutoscaleComplexRules::test_monitor_autoscale_rule_for_spring_cloud 
[gw1] [ 32%] PASSED src/azure-cli/azure/cli/command_modules/cosmosdb/tests/latest/test_cosmosdb_commands.py::CosmosDBTests::test_cosmosdb_cassandra_keyspace 
src/azure-cli/azure/cli/command_modules/cosmosdb/tests/latest/test_cosmosdb_commands.py::CosmosDBTests::test_cosmosdb_cassandra_resource_throughput 
[gw0] [ 33%] PASSED src/azure-cli/azure/cli/command_modules/cosmosdb/tests/latest/test_cosmosdb_commands.py::CosmosDBTests::test_locations_both_formats_database_accounts 
src/azure-cli/azure/cli/command_modules/cosmosdb/tests/latest/test_cosmosdb_commands.py::CosmosDBTests::test_locations_database_accounts 
[gw0] [ 33%] PASSED src/azure-cli/azure/cli/command_modules/cosmosdb/tests/latest/test_cosmosdb_commands.py::CosmosDBTests::test_locations_database_accounts 
src/azure-cli/azure/cli/command_modules/cosmosdb/tests/latest/test_cosmosdb_commands.py::CosmosDBTests::test_update_database_account 
[gw1] [ 33%] PASSED src/azure-cli/azure/cli/command_modules/cosmosdb/tests/latest/test_cosmosdb_commands.py::CosmosDBTests::test_cosmosdb_cassandra_resource_throughput 
src/azure-cli/azure/cli/command_modules/cosmosdb/tests/latest/test_cosmosdb_commands.py::CosmosDBTests::test_cosmosdb_cassandra_resource_throughput_autoscale 
[gw0] [ 33%] PASSED src/azure-cli/azure/cli/command_modules/cosmosdb/tests/latest/test_cosmosdb_commands.py::CosmosDBTests::test_update_database_account 
src/azure-cli/azure/cli/command_modules/deploymentmanager/tests/latest/test_deploymentmanager_scenario.py::DeploymentManagerTests::test_deploymentmanager_scenario 
[gw2] [ 33%] PASSED src/azure-cli/azure/cli/command_modules/monitor/tests/latest/test_monitor_autoscale.py::TestMonitorAutoscaleComplexRules::test_monitor_autoscale_rule_for_spring_cloud 
src/azure-cli/azure/cli/command_modules/monitor/tests/latest/test_monitor_diagnostic_settings.py::TestMonitorDiagnosticSettings::test_monitor_diagnostic_settings_scenario 
[gw2] [ 33%] PASSED src/azure-cli/azure/cli/command_modules/monitor/tests/latest/test_monitor_diagnostic_settings.py::TestMonitorDiagnosticSettings::test_monitor_diagnostic_settings_scenario 
src/azure-cli/azure/cli/command_modules/monitor/tests/latest/test_monitor_general_operations.py::MonitorCloneVMScenarios::test_monitor_clone_vm_metric_alerts_scenario 
[gw0] [ 34%] FAILED src/azure-cli/azure/cli/command_modules/deploymentmanager/tests/latest/test_deploymentmanager_scenario.py::DeploymentManagerTests::test_deploymentmanager_scenario 
src/azure-cli/azure/cli/command_modules/eventhubs/tests/latest/test_cluster_commands.py::EHNamespaceCURDScenarioTest::test_eh_cluster 
[gw0] [ 34%] FAILED src/azure-cli/azure/cli/command_modules/eventhubs/tests/latest/test_cluster_commands.py::EHNamespaceCURDScenarioTest::test_eh_cluster 
src/azure-cli/azure/cli/command_modules/eventhubs/tests/latest/test_eventhub_commands_namespace_byok_test.py::EHNamespaceBYOKCURDScenarioTest::test_eh_namespace_byok 
[gw0] [ 34%] FAILED src/azure-cli/azure/cli/command_modules/eventhubs/tests/latest/test_eventhub_commands_namespace_byok_test.py::EHNamespaceBYOKCURDScenarioTest::test_eh_namespace_byok 
src/azure-cli/azure/cli/command_modules/eventhubs/tests/latest/test_eventhub_commands_network_test.py::EHNetworkCURDScenarioTest::test_eh_network 
[gw1] [ 34%] PASSED src/azure-cli/azure/cli/command_modules/cosmosdb/tests/latest/test_cosmosdb_commands.py::CosmosDBTests::test_cosmosdb_cassandra_resource_throughput_autoscale 
src/azure-cli/azure/cli/command_modules/cosmosdb/tests/latest/test_cosmosdb_commands.py::CosmosDBTests::test_cosmosdb_cassandra_table 
[gw2] [ 34%] PASSED src/azure-cli/azure/cli/command_modules/monitor/tests/latest/test_monitor_general_operations.py::MonitorCloneVMScenarios::test_monitor_clone_vm_metric_alerts_scenario 
src/azure-cli/azure/cli/command_modules/monitor/tests/latest/test_monitor_general_operations.py::MonitorClonePublicIpScenarios::test_monitor_clone_public_ip_metric_alerts_scenario 
[gw2] [ 35%] PASSED src/azure-cli/azure/cli/command_modules/monitor/tests/latest/test_monitor_general_operations.py::MonitorClonePublicIpScenarios::test_monitor_clone_public_ip_metric_alerts_scenario 
src/azure-cli/azure/cli/command_modules/monitor/tests/latest/test_monitor_log_analytics_cluster.py::TestClusterScenarios::test_monitor_log_analytics_cluster_default 
[gw2] [ 35%] SKIPPED src/azure-cli/azure/cli/command_modules/monitor/tests/latest/test_monitor_log_analytics_cluster.py::TestClusterScenarios::test_monitor_log_analytics_cluster_default 
src/azure-cli/azure/cli/command_modules/monitor/tests/latest/test_monitor_log_analytics_workspace.py::TestLogProfileScenarios::test_monitor_log_analytics_workspace_data_export 
[gw0] [ 35%] PASSED src/azure-cli/azure/cli/command_modules/eventhubs/tests/latest/test_eventhub_commands_network_test.py::EHNetworkCURDScenarioTest::test_eh_network 
src/azure-cli/azure/cli/command_modules/hdinsight/tests/latest/test_hdinsight_commands.py::HDInsightClusterTests::test_hdinsight_application 
[gw1] [ 35%] PASSED src/azure-cli/azure/cli/command_modules/cosmosdb/tests/latest/test_cosmosdb_commands.py::CosmosDBTests::test_cosmosdb_cassandra_table 
src/azure-cli/azure/cli/command_modules/cosmosdb/tests/latest/test_cosmosdb_commands.py::CosmosDBTests::test_cosmosdb_collection 
[gw2] [ 35%] FAILED src/azure-cli/azure/cli/command_modules/monitor/tests/latest/test_monitor_log_analytics_workspace.py::TestLogProfileScenarios::test_monitor_log_analytics_workspace_data_export 
src/azure-cli/azure/cli/command_modules/monitor/tests/latest/test_monitor_log_analytics_workspace.py::TestLogProfileScenarios::test_monitor_log_analytics_workspace_default 
[gw2] [ 35%] PASSED src/azure-cli/azure/cli/command_modules/monitor/tests/latest/test_monitor_log_analytics_workspace.py::TestLogProfileScenarios::test_monitor_log_analytics_workspace_default 
src/azure-cli/azure/cli/command_modules/monitor/tests/latest/test_monitor_log_analytics_workspace.py::TestLogProfileScenarios::test_monitor_log_analytics_workspace_linked_storage 
[gw1] [ 36%] PASSED src/azure-cli/azure/cli/command_modules/cosmosdb/tests/latest/test_cosmosdb_commands.py::CosmosDBTests::test_cosmosdb_collection 
src/azure-cli/azure/cli/command_modules/cosmosdb/tests/latest/test_cosmosdb_commands.py::CosmosDBTests::test_cosmosdb_database 
[gw2] [ 36%] PASSED src/azure-cli/azure/cli/command_modules/monitor/tests/latest/test_monitor_log_analytics_workspace.py::TestLogProfileScenarios::test_monitor_log_analytics_workspace_linked_storage 
src/azure-cli/azure/cli/command_modules/monitor/tests/latest/test_monitor_log_analytics_workspace.py::TestLogProfileScenarios::test_monitor_log_analytics_workspace_public_access 
[gw1] [ 36%] PASSED src/azure-cli/azure/cli/command_modules/cosmosdb/tests/latest/test_cosmosdb_commands.py::CosmosDBTests::test_cosmosdb_database 
src/azure-cli/azure/cli/command_modules/cosmosdb/tests/latest/test_cosmosdb_commands.py::CosmosDBTests::test_cosmosdb_gremlin_database 
[gw2] [ 36%] PASSED src/azure-cli/azure/cli/command_modules/monitor/tests/latest/test_monitor_log_analytics_workspace.py::TestLogProfileScenarios::test_monitor_log_analytics_workspace_public_access 
src/azure-cli/azure/cli/command_modules/monitor/tests/latest/test_monitor_log_analytics_workspace.py::TestLogProfileScenarios::test_monitor_log_analytics_workspace_recover 
[gw2] [ 36%] FAILED src/azure-cli/azure/cli/command_modules/monitor/tests/latest/test_monitor_log_analytics_workspace.py::TestLogProfileScenarios::test_monitor_log_analytics_workspace_recover 
src/azure-cli/azure/cli/command_modules/monitor/tests/latest/test_monitor_log_analytics_workspace.py::TestLogProfileScenarios::test_monitor_log_analytics_workspace_saved_search 
[gw2] [ 37%] PASSED src/azure-cli/azure/cli/command_modules/monitor/tests/latest/test_monitor_log_analytics_workspace.py::TestLogProfileScenarios::test_monitor_log_analytics_workspace_saved_search 
src/azure-cli/azure/cli/command_modules/monitor/tests/latest/test_monitor_metric_alert_scenarios.py::MonitorTests::test_dynamic_metric_alert_multiple_scopes 
[gw2] [ 37%] FAILED src/azure-cli/azure/cli/command_modules/monitor/tests/latest/test_monitor_metric_alert_scenarios.py::MonitorTests::test_dynamic_metric_alert_multiple_scopes 
src/azure-cli/azure/cli/command_modules/monitor/tests/latest/test_monitor_metric_alert_scenarios.py::MonitorTests::test_metric_alert_condition_create 
[gw2] [ 37%] FAILED src/azure-cli/azure/cli/command_modules/monitor/tests/latest/test_monitor_metric_alert_scenarios.py::MonitorTests::test_metric_alert_condition_create 
src/azure-cli/azure/cli/command_modules/monitor/tests/latest/test_monitor_metric_alert_scenarios.py::MonitorTests::test_metric_alert_for_rg_and_sub 
[gw2] [ 37%] FAILED src/azure-cli/azure/cli/command_modules/monitor/tests/latest/test_monitor_metric_alert_scenarios.py::MonitorTests::test_metric_alert_for_rg_and_sub 
src/azure-cli/azure/cli/command_modules/monitor/tests/latest/test_monitor_metric_alert_scenarios.py::MonitorTests::test_metric_alert_multiple_scopes 
[gw2] [ 37%] FAILED src/azure-cli/azure/cli/command_modules/monitor/tests/latest/test_monitor_metric_alert_scenarios.py::MonitorTests::test_metric_alert_multiple_scopes 
src/azure-cli/azure/cli/command_modules/monitor/tests/latest/test_monitor_metric_alert_scenarios.py::MonitorTests::test_metric_alert_special_char_scenario 
[gw1] [ 37%] PASSED src/azure-cli/azure/cli/command_modules/cosmosdb/tests/latest/test_cosmosdb_commands.py::CosmosDBTests::test_cosmosdb_gremlin_database 
src/azure-cli/azure/cli/command_modules/cosmosdb/tests/latest/test_cosmosdb_commands.py::CosmosDBTests::test_cosmosdb_gremlin_graph 
[gw0] [ 38%] FAILED src/azure-cli/azure/cli/command_modules/hdinsight/tests/latest/test_hdinsight_commands.py::HDInsightClusterTests::test_hdinsight_application 
src/azure-cli/azure/cli/command_modules/hdinsight/tests/latest/test_hdinsight_commands.py::HDInsightClusterTests::test_hdinsight_autoscale_operation 
[gw1] [ 38%] PASSED src/azure-cli/azure/cli/command_modules/cosmosdb/tests/latest/test_cosmosdb_commands.py::CosmosDBTests::test_cosmosdb_gremlin_graph 
src/azure-cli/azure/cli/command_modules/cosmosdb/tests/latest/test_cosmosdb_commands.py::CosmosDBTests::test_cosmosdb_gremlin_resource_throughput 
[gw0] [ 38%] FAILED src/azure-cli/azure/cli/command_modules/hdinsight/tests/latest/test_hdinsight_commands.py::HDInsightClusterTests::test_hdinsight_autoscale_operation 
src/azure-cli/azure/cli/command_modules/hdinsight/tests/latest/test_hdinsight_commands.py::HDInsightClusterTests::test_hdinsight_cluster_kafka 
[gw1] [ 38%] PASSED src/azure-cli/azure/cli/command_modules/cosmosdb/tests/latest/test_cosmosdb_commands.py::CosmosDBTests::test_cosmosdb_gremlin_resource_throughput 
src/azure-cli/azure/cli/command_modules/cosmosdb/tests/latest/test_cosmosdb_commands.py::CosmosDBTests::test_cosmosdb_gremlin_resource_throughput_autoscale 
[gw1] [ 38%] PASSED src/azure-cli/azure/cli/command_modules/cosmosdb/tests/latest/test_cosmosdb_commands.py::CosmosDBTests::test_cosmosdb_gremlin_resource_throughput_autoscale 
src/azure-cli/azure/cli/command_modules/cosmosdb/tests/latest/test_cosmosdb_commands.py::CosmosDBTests::test_cosmosdb_key_vault_key_uri 
[gw0] [ 39%] FAILED src/azure-cli/azure/cli/command_modules/hdinsight/tests/latest/test_hdinsight_commands.py::HDInsightClusterTests::test_hdinsight_cluster_kafka 
src/azure-cli/azure/cli/command_modules/hdinsight/tests/latest/test_hdinsight_commands.py::HDInsightClusterTests::test_hdinsight_cluster_kafka_with_optional_disk_args 
[gw1] [ 39%] PASSED src/azure-cli/azure/cli/command_modules/cosmosdb/tests/latest/test_cosmosdb_commands.py::CosmosDBTests::test_cosmosdb_key_vault_key_uri 
src/azure-cli/azure/cli/command_modules/cosmosdb/tests/latest/test_cosmosdb_commands.py::CosmosDBTests::test_cosmosdb_mongodb_collection 
[gw2] [ 39%] PASSED src/azure-cli/azure/cli/command_modules/monitor/tests/latest/test_monitor_metric_alert_scenarios.py::MonitorTests::test_metric_alert_special_char_scenario 
src/azure-cli/azure/cli/command_modules/monitor/tests/latest/test_monitor_metric_alert_scenarios.py::MonitorTests::test_metric_alert_v2_scenario 
[gw2] [ 39%] PASSED src/azure-cli/azure/cli/command_modules/monitor/tests/latest/test_monitor_metric_alert_scenarios.py::MonitorTests::test_metric_alert_v2_scenario 
src/azure-cli/azure/cli/command_modules/monitor/tests/latest/test_monitor_subscription_diagnostic_settings.py::TestDiagnosticSettingsSubscriptionScenarios::test_monitor_diagnostic_settings_subscription 
[gw2] [ 39%] PASSED src/azure-cli/azure/cli/command_modules/monitor/tests/latest/test_monitor_subscription_diagnostic_settings.py::TestDiagnosticSettingsSubscriptionScenarios::test_monitor_diagnostic_settings_subscription 
src/azure-cli/azure/cli/command_modules/netappfiles/tests/latest/test_volume_commands.py::AzureNetAppFilesVolumeServiceScenarioTest::test_create_volume_with_subnet_in_different_rg 
[gw2] [ 39%] FAILED src/azure-cli/azure/cli/command_modules/netappfiles/tests/latest/test_volume_commands.py::AzureNetAppFilesVolumeServiceScenarioTest::test_create_volume_with_subnet_in_different_rg 
src/azure-cli/azure/cli/command_modules/network/tests/latest/test_network_commands.py::NetworkAppGatewayDefaultScenarioTest::test_network_appgw_creation_with_public_and_private_ip 
[gw1] [ 40%] PASSED src/azure-cli/azure/cli/command_modules/cosmosdb/tests/latest/test_cosmosdb_commands.py::CosmosDBTests::test_cosmosdb_mongodb_collection 
src/azure-cli/azure/cli/command_modules/cosmosdb/tests/latest/test_cosmosdb_commands.py::CosmosDBTests::test_cosmosdb_mongodb_database 
[gw2] [ 40%] FAILED src/azure-cli/azure/cli/command_modules/network/tests/latest/test_network_commands.py::NetworkAppGatewayDefaultScenarioTest::test_network_appgw_creation_with_public_and_private_ip 
src/azure-cli/azure/cli/command_modules/network/tests/latest/test_network_commands.py::NetworkRouteFilterScenarioTest::test_network_route_filter 
[gw2] [ 40%] FAILED src/azure-cli/azure/cli/command_modules/network/tests/latest/test_network_commands.py::NetworkRouteFilterScenarioTest::test_network_route_filter 
src/azure-cli/azure/cli/command_modules/network/tests/latest/test_network_commands.py::NetworkExpressRouteScenarioTest::test_network_express_route 
[gw2] [ 40%] FAILED src/azure-cli/azure/cli/command_modules/network/tests/latest/test_network_commands.py::NetworkExpressRouteScenarioTest::test_network_express_route 
src/azure-cli/azure/cli/command_modules/network/tests/latest/test_network_commands.py::NetworkExpressRouteIPv6PeeringScenarioTest::test_network_express_route_ipv6_peering 
[gw2] [ 40%] FAILED src/azure-cli/azure/cli/command_modules/network/tests/latest/test_network_commands.py::NetworkExpressRouteIPv6PeeringScenarioTest::test_network_express_route_ipv6_peering 
src/azure-cli/azure/cli/command_modules/network/tests/latest/test_network_commands.py::NetworkExpressRouteGlobalReachScenarioTest::test_network_express_route_global_reach 
[gw2] [ 41%] FAILED src/azure-cli/azure/cli/command_modules/network/tests/latest/test_network_commands.py::NetworkExpressRouteGlobalReachScenarioTest::test_network_express_route_global_reach 
src/azure-cli/azure/cli/command_modules/network/tests/latest/test_network_commands.py::NetworkExpressRouteGlobalReachScenarioTest::test_network_express_route_peer_connection 
[gw2] [ 41%] FAILED src/azure-cli/azure/cli/command_modules/network/tests/latest/test_network_commands.py::NetworkExpressRouteGlobalReachScenarioTest::test_network_express_route_peer_connection 
src/azure-cli/azure/cli/command_modules/network/tests/latest/test_network_commands.py::NetworkNicConvenienceCommandsScenarioTest::test_network_nic_convenience_commands 
[gw2] [ 41%] FAILED src/azure-cli/azure/cli/command_modules/network/tests/latest/test_network_commands.py::NetworkNicConvenienceCommandsScenarioTest::test_network_nic_convenience_commands 
src/azure-cli/azure/cli/command_modules/network/tests/latest/test_network_commands.py::NetworkVNetPeeringScenarioTest::test_network_vnet_peering 
[gw1] [ 41%] PASSED src/azure-cli/azure/cli/command_modules/cosmosdb/tests/latest/test_cosmosdb_commands.py::CosmosDBTests::test_cosmosdb_mongodb_database 
src/azure-cli/azure/cli/command_modules/cosmosdb/tests/latest/test_cosmosdb_commands.py::CosmosDBTests::test_cosmosdb_mongodb_resource_throughput 
[gw0] [ 41%] FAILED src/azure-cli/azure/cli/command_modules/hdinsight/tests/latest/test_hdinsight_commands.py::HDInsightClusterTests::test_hdinsight_cluster_kafka_with_optional_disk_args 
src/azure-cli/azure/cli/command_modules/hdinsight/tests/latest/test_hdinsight_commands.py::HDInsightClusterTests::test_hdinsight_cluster_kafka_with_rest_proxy 
[gw1] [ 41%] PASSED src/azure-cli/azure/cli/command_modules/cosmosdb/tests/latest/test_cosmosdb_commands.py::CosmosDBTests::test_cosmosdb_mongodb_resource_throughput 
src/azure-cli/azure/cli/command_modules/cosmosdb/tests/latest/test_cosmosdb_commands.py::CosmosDBTests::test_cosmosdb_mongodb_resource_throughput_autoscale 
[gw1] [ 42%] PASSED src/azure-cli/azure/cli/command_modules/cosmosdb/tests/latest/test_cosmosdb_commands.py::CosmosDBTests::test_cosmosdb_mongodb_resource_throughput_autoscale 
src/azure-cli/azure/cli/command_modules/cosmosdb/tests/latest/test_cosmosdb_commands.py::CosmosDBTests::test_cosmosdb_network_rule_add 
[gw1] [ 42%] PASSED src/azure-cli/azure/cli/command_modules/cosmosdb/tests/latest/test_cosmosdb_commands.py::CosmosDBTests::test_cosmosdb_network_rule_add 
src/azure-cli/azure/cli/command_modules/cosmosdb/tests/latest/test_cosmosdb_commands.py::CosmosDBTests::test_cosmosdb_network_rule_list 
[gw0] [ 42%] PASSED src/azure-cli/azure/cli/command_modules/hdinsight/tests/latest/test_hdinsight_commands.py::HDInsightClusterTests::test_hdinsight_cluster_kafka_with_rest_proxy 
src/azure-cli/azure/cli/command_modules/hdinsight/tests/latest/test_hdinsight_commands.py::HDInsightClusterTests::test_hdinsight_cluster_min_args 
[gw1] [ 42%] PASSED src/azure-cli/azure/cli/command_modules/cosmosdb/tests/latest/test_cosmosdb_commands.py::CosmosDBTests::test_cosmosdb_network_rule_list 
src/azure-cli/azure/cli/command_modules/cosmosdb/tests/latest/test_cosmosdb_commands.py::CosmosDBTests::test_cosmosdb_network_rule_remove 
[gw1] [ 42%] PASSED src/azure-cli/azure/cli/command_modules/cosmosdb/tests/latest/test_cosmosdb_commands.py::CosmosDBTests::test_cosmosdb_network_rule_remove 
src/azure-cli/azure/cli/command_modules/cosmosdb/tests/latest/test_cosmosdb_commands.py::CosmosDBTests::test_cosmosdb_private_endpoint 
[gw0] [ 43%] FAILED src/azure-cli/azure/cli/command_modules/hdinsight/tests/latest/test_hdinsight_commands.py::HDInsightClusterTests::test_hdinsight_cluster_min_args 
src/azure-cli/azure/cli/command_modules/hdinsight/tests/latest/test_hdinsight_commands.py::HDInsightClusterTests::test_hdinsight_cluster_resize 
[gw3] [ 43%] PASSED src/azure-cli/azure/cli/command_modules/backup/tests/latest/test_backup_commands.py::BackupTests::test_backup_disk_exclusion 
src/azure-cli/azure/cli/command_modules/backup/tests/latest/test_backup_commands.py::BackupTests::test_backup_item 
[gw3] [ 43%] PASSED src/azure-cli/azure/cli/command_modules/backup/tests/latest/test_backup_commands.py::BackupTests::test_backup_item 
src/azure-cli/azure/cli/command_modules/backup/tests/latest/test_backup_commands.py::BackupTests::test_backup_job 
[gw0] [ 43%] FAILED src/azure-cli/azure/cli/command_modules/hdinsight/tests/latest/test_hdinsight_commands.py::HDInsightClusterTests::test_hdinsight_cluster_resize 
src/azure-cli/azure/cli/command_modules/hdinsight/tests/latest/test_hdinsight_commands.py::HDInsightClusterTests::test_hdinsight_cluster_rserver 
[gw1] [ 43%] PASSED src/azure-cli/azure/cli/command_modules/cosmosdb/tests/latest/test_cosmosdb_commands.py::CosmosDBTests::test_cosmosdb_private_endpoint 
src/azure-cli/azure/cli/command_modules/cosmosdb/tests/latest/test_cosmosdb_commands.py::CosmosDBTests::test_cosmosdb_private_link_resource 
[gw2] [ 43%] FAILED src/azure-cli/azure/cli/command_modules/network/tests/latest/test_network_commands.py::NetworkVNetPeeringScenarioTest::test_network_vnet_peering 
src/azure-cli/azure/cli/command_modules/network/tests/latest/test_network_commands.py::NetworkWatcherScenarioTest::test_network_watcher_packet_capture 
[gw2] [ 44%] FAILED src/azure-cli/azure/cli/command_modules/network/tests/latest/test_network_commands.py::NetworkWatcherScenarioTest::test_network_watcher_packet_capture 
src/azure-cli/azure/cli/command_modules/network/tests/latest/test_network_commands.py::NetworkWatcherScenarioTest::test_network_watcher_vm 
[gw2] [ 44%] FAILED src/azure-cli/azure/cli/command_modules/network/tests/latest/test_network_commands.py::NetworkWatcherScenarioTest::test_network_watcher_vm 
src/azure-cli/azure/cli/command_modules/network/tests/latest/test_network_commands.py::NetworkBastionHostScenarioTest::test_network_batsion_host_create 
[gw2] [ 44%] FAILED src/azure-cli/azure/cli/command_modules/network/tests/latest/test_network_commands.py::NetworkBastionHostScenarioTest::test_network_batsion_host_create 
src/azure-cli/azure/cli/command_modules/network/tests/latest/test_nw_connection_monitor.py::NWConnectionMonitorScenarioTest::test_nw_connection_monitor_v1 
[gw2] [ 44%] FAILED src/azure-cli/azure/cli/command_modules/network/tests/latest/test_nw_connection_monitor.py::NWConnectionMonitorScenarioTest::test_nw_connection_monitor_v1 
src/azure-cli/azure/cli/command_modules/network/tests/latest/test_private_endpoint_commands.py::NetworkPrivateLinkRDBMSScenarioTest::test_postgres_private_link_scenario 
[gw1] [ 44%] PASSED src/azure-cli/azure/cli/command_modules/cosmosdb/tests/latest/test_cosmosdb_commands.py::CosmosDBTests::test_cosmosdb_private_link_resource 
src/azure-cli/azure/cli/command_modules/cosmosdb/tests/latest/test_cosmosdb_commands.py::CosmosDBTests::test_cosmosdb_sql_container 
[gw2] [ 45%] PASSED src/azure-cli/azure/cli/command_modules/network/tests/latest/test_private_endpoint_commands.py::NetworkPrivateLinkRDBMSScenarioTest::test_postgres_private_link_scenario 
src/azure-cli/azure/cli/command_modules/network/tests/latest/test_private_endpoint_commands.py::NetworkPrivateLinkWebappScenarioTest::test_private_endpoint_connection_webapp 
[gw1] [ 45%] PASSED src/azure-cli/azure/cli/command_modules/cosmosdb/tests/latest/test_cosmosdb_commands.py::CosmosDBTests::test_cosmosdb_sql_container 
src/azure-cli/azure/cli/command_modules/cosmosdb/tests/latest/test_cosmosdb_commands.py::CosmosDBTests::test_cosmosdb_sql_container_analytical_ttl 
[gw1] [ 45%] PASSED src/azure-cli/azure/cli/command_modules/cosmosdb/tests/latest/test_cosmosdb_commands.py::CosmosDBTests::test_cosmosdb_sql_container_analytical_ttl 
src/azure-cli/azure/cli/command_modules/cosmosdb/tests/latest/test_cosmosdb_commands.py::CosmosDBTests::test_cosmosdb_sql_database 
[gw2] [ 45%] FAILED src/azure-cli/azure/cli/command_modules/network/tests/latest/test_private_endpoint_commands.py::NetworkPrivateLinkWebappScenarioTest::test_private_endpoint_connection_webapp 
src/azure-cli/azure/cli/command_modules/network/tests/latest/test_private_endpoint_commands.py::NetworkPrivateLinkAppGwScenarioTest::test_appgw_private_endpoint_with_default 
[gw2] [ 45%] FAILED src/azure-cli/azure/cli/command_modules/network/tests/latest/test_private_endpoint_commands.py::NetworkPrivateLinkAppGwScenarioTest::test_appgw_private_endpoint_with_default 
src/azure-cli/azure/cli/command_modules/network/tests/latest/test_private_endpoint_commands.py::NetworkPrivateLinkAppGwScenarioTest::test_appgw_private_endpoint_with_overwrite_default 
[gw1] [ 45%] PASSED src/azure-cli/azure/cli/command_modules/cosmosdb/tests/latest/test_cosmosdb_commands.py::CosmosDBTests::test_cosmosdb_sql_database 
src/azure-cli/azure/cli/command_modules/cosmosdb/tests/latest/test_cosmosdb_commands.py::CosmosDBTests::test_cosmosdb_sql_resource_max_throughput 
[gw2] [ 46%] FAILED src/azure-cli/azure/cli/command_modules/network/tests/latest/test_private_endpoint_commands.py::NetworkPrivateLinkAppGwScenarioTest::test_appgw_private_endpoint_with_overwrite_default 
src/azure-cli/azure/cli/command_modules/policyinsights/tests/latest/test_policyinsights_scenario.py::PolicyInsightsTests::test_policy_insights_remediation_management_group 
[gw2] [ 46%] SKIPPED src/azure-cli/azure/cli/command_modules/policyinsights/tests/latest/test_policyinsights_scenario.py::PolicyInsightsTests::test_policy_insights_remediation_management_group 
src/azure-cli/azure/cli/command_modules/privatedns/tests/latest/test_privatedns_commands.py::PrivateDnsLinksTests::test_DeleteLink_LinkExists_ExpectLinkDeleted 
[gw2] [ 46%] PASSED src/azure-cli/azure/cli/command_modules/privatedns/tests/latest/test_privatedns_commands.py::PrivateDnsLinksTests::test_DeleteLink_LinkExists_ExpectLinkDeleted 
src/azure-cli/azure/cli/command_modules/privatedns/tests/latest/test_privatedns_commands.py::PrivateDnsLinksTests::test_GetLink_LinkExists_ExpectLinkRetrieved 
[gw1] [ 46%] PASSED src/azure-cli/azure/cli/command_modules/cosmosdb/tests/latest/test_cosmosdb_commands.py::CosmosDBTests::test_cosmosdb_sql_resource_max_throughput 
src/azure-cli/azure/cli/command_modules/cosmosdb/tests/latest/test_cosmosdb_commands.py::CosmosDBTests::test_cosmosdb_sql_resource_throughput 
[gw2] [ 46%] PASSED src/azure-cli/azure/cli/command_modules/privatedns/tests/latest/test_privatedns_commands.py::PrivateDnsLinksTests::test_GetLink_LinkExists_ExpectLinkRetrieved 
src/azure-cli/azure/cli/command_modules/privatedns/tests/latest/test_privatedns_commands.py::PrivateDnsLinksTests::test_ListLinks_MultipleLinksPresent_ExpectMultipleLinksRetrieved 
[gw2] [ 47%] PASSED src/azure-cli/azure/cli/command_modules/privatedns/tests/latest/test_privatedns_commands.py::PrivateDnsLinksTests::test_ListLinks_MultipleLinksPresent_ExpectMultipleLinksRetrieved 
src/azure-cli/azure/cli/command_modules/privatedns/tests/latest/test_privatedns_commands.py::PrivateDnsLinksTests::test_PutLink_LinkExistsIfNoneMatchFailure_ExpectError 
[gw1] [ 47%] PASSED src/azure-cli/azure/cli/command_modules/cosmosdb/tests/latest/test_cosmosdb_commands.py::CosmosDBTests::test_cosmosdb_sql_resource_throughput 
src/azure-cli/azure/cli/command_modules/cosmosdb/tests/latest/test_cosmosdb_commands.py::CosmosDBTests::test_cosmosdb_sql_resource_throughput_autoscale 
[gw2] [ 47%] PASSED src/azure-cli/azure/cli/command_modules/privatedns/tests/latest/test_privatedns_commands.py::PrivateDnsLinksTests::test_PutLink_LinkExistsIfNoneMatchFailure_ExpectError 
src/azure-cli/azure/cli/command_modules/privatedns/tests/latest/test_privatedns_commands.py::PrivateDnsLinksTests::test_PutLink_LinkNotExistsWithRegistration_ExpectLinkCreated 
[gw2] [ 47%] PASSED src/azure-cli/azure/cli/command_modules/privatedns/tests/latest/test_privatedns_commands.py::PrivateDnsLinksTests::test_PutLink_LinkNotExistsWithRegistration_ExpectLinkCreated 
src/azure-cli/azure/cli/command_modules/privatedns/tests/latest/test_privatedns_commands.py::PrivateDnsLinksTests::test_PutLink_LinkNotExistsWithoutRegistration_ExpectLinkCreated 
[gw2] [ 47%] PASSED src/azure-cli/azure/cli/command_modules/privatedns/tests/latest/test_privatedns_commands.py::PrivateDnsLinksTests::test_PutLink_LinkNotExistsWithoutRegistration_ExpectLinkCreated 
src/azure-cli/azure/cli/command_modules/rdbms/tests/latest/test_rdbms_commands.py::ServerMgmtScenarioTest::test_mariadb_server_mgmt 
[gw0] [ 47%] PASSED src/azure-cli/azure/cli/command_modules/hdinsight/tests/latest/test_hdinsight_commands.py::HDInsightClusterTests::test_hdinsight_cluster_rserver 
src/azure-cli/azure/cli/command_modules/hdinsight/tests/latest/test_hdinsight_commands.py::HDInsightClusterTests::test_hdinsight_cluster_with_cluster_config 
[gw1] [ 48%] PASSED src/azure-cli/azure/cli/command_modules/cosmosdb/tests/latest/test_cosmosdb_commands.py::CosmosDBTests::test_cosmosdb_sql_resource_throughput_autoscale 
src/azure-cli/azure/cli/command_modules/cosmosdb/tests/latest/test_cosmosdb_commands.py::CosmosDBTests::test_cosmosdb_sql_stored_procedure 
[gw1] [ 48%] PASSED src/azure-cli/azure/cli/command_modules/cosmosdb/tests/latest/test_cosmosdb_commands.py::CosmosDBTests::test_cosmosdb_sql_stored_procedure 
src/azure-cli/azure/cli/command_modules/cosmosdb/tests/latest/test_cosmosdb_commands.py::CosmosDBTests::test_cosmosdb_sql_trigger 
[gw0] [ 48%] FAILED src/azure-cli/azure/cli/command_modules/hdinsight/tests/latest/test_hdinsight_commands.py::HDInsightClusterTests::test_hdinsight_cluster_with_cluster_config 
src/azure-cli/azure/cli/command_modules/hdinsight/tests/latest/test_hdinsight_commands.py::HDInsightClusterTests::test_hdinsight_cluster_with_component_version 
[gw1] [ 48%] PASSED src/azure-cli/azure/cli/command_modules/cosmosdb/tests/latest/test_cosmosdb_commands.py::CosmosDBTests::test_cosmosdb_sql_trigger 
src/azure-cli/azure/cli/command_modules/cosmosdb/tests/latest/test_cosmosdb_commands.py::CosmosDBTests::test_cosmosdb_sql_user_defined_function 
[gw2] [ 48%] PASSED src/azure-cli/azure/cli/command_modules/rdbms/tests/latest/test_rdbms_commands.py::ServerMgmtScenarioTest::test_mariadb_server_mgmt 
src/azure-cli/azure/cli/command_modules/rdbms/tests/latest/test_rdbms_commands.py::ServerMgmtScenarioTest::test_mysql_server_mgmt 
[gw1] [ 49%] PASSED src/azure-cli/azure/cli/command_modules/cosmosdb/tests/latest/test_cosmosdb_commands.py::CosmosDBTests::test_cosmosdb_sql_user_defined_function 
src/azure-cli/azure/cli/command_modules/cosmosdb/tests/latest/test_cosmosdb_commands.py::CosmosDBTests::test_cosmosdb_table 
[gw1] [ 49%] PASSED src/azure-cli/azure/cli/command_modules/cosmosdb/tests/latest/test_cosmosdb_commands.py::CosmosDBTests::test_cosmosdb_table 
src/azure-cli/azure/cli/command_modules/cosmosdb/tests/latest/test_cosmosdb_commands.py::CosmosDBTests::test_cosmosdb_table_resource_throughput 
[gw1] [ 49%] PASSED src/azure-cli/azure/cli/command_modules/cosmosdb/tests/latest/test_cosmosdb_commands.py::CosmosDBTests::test_cosmosdb_table_resource_throughput 
src/azure-cli/azure/cli/command_modules/cosmosdb/tests/latest/test_cosmosdb_commands.py::CosmosDBTests::test_cosmosdb_table_resource_throughput_autoscale 
[gw1] [ 49%] PASSED src/azure-cli/azure/cli/command_modules/cosmosdb/tests/latest/test_cosmosdb_commands.py::CosmosDBTests::test_cosmosdb_table_resource_throughput_autoscale 
src/azure-cli/azure/cli/command_modules/cosmosdb/tests/latest/test_cosmosdb_commands.py::CosmosDBTests::test_create_database_account 
[gw1] [ 49%] PASSED src/azure-cli/azure/cli/command_modules/cosmosdb/tests/latest/test_cosmosdb_commands.py::CosmosDBTests::test_create_database_account 
src/azure-cli/azure/cli/command_modules/cosmosdb/tests/latest/test_cosmosdb_commands.py::CosmosDBTests::test_delete_database_account 
[gw0] [ 50%] PASSED src/azure-cli/azure/cli/command_modules/hdinsight/tests/latest/test_hdinsight_commands.py::HDInsightClusterTests::test_hdinsight_cluster_with_component_version 
src/azure-cli/azure/cli/command_modules/hdinsight/tests/latest/test_hdinsight_commands.py::HDInsightClusterTests::test_hdinsight_cluster_with_encryption_at_host 
[gw0] [ 50%] FAILED src/azure-cli/azure/cli/command_modules/hdinsight/tests/latest/test_hdinsight_commands.py::HDInsightClusterTests::test_hdinsight_cluster_with_encryption_at_host 
src/azure-cli/azure/cli/command_modules/hdinsight/tests/latest/test_hdinsight_commands.py::HDInsightClusterTests::test_hdinsight_cluster_with_encryption_in_transit 
[gw1] [ 50%] PASSED src/azure-cli/azure/cli/command_modules/cosmosdb/tests/latest/test_cosmosdb_commands.py::CosmosDBTests::test_delete_database_account 
src/azure-cli/azure/cli/command_modules/rdbms/tests/latest/test_rdbms_commands.py::ReplicationPostgreSqlMgmtScenarioTest::test_postgrsql_basic_replica_mgmt 
[gw0] [ 50%] FAILED src/azure-cli/azure/cli/command_modules/hdinsight/tests/latest/test_hdinsight_commands.py::HDInsightClusterTests::test_hdinsight_cluster_with_encryption_in_transit 
src/azure-cli/azure/cli/command_modules/hdinsight/tests/latest/test_hdinsight_commands.py::HDInsightClusterTests::test_hdinsight_cluster_with_loadbased_autoscale 
[gw2] [ 50%] PASSED src/azure-cli/azure/cli/command_modules/rdbms/tests/latest/test_rdbms_commands.py::ServerMgmtScenarioTest::test_mysql_server_mgmt 
src/azure-cli/azure/cli/command_modules/rdbms/tests/latest/test_rdbms_commands.py::ServerMgmtScenarioTest::test_postgres_server_mgmt 
[gw1] [ 50%] PASSED src/azure-cli/azure/cli/command_modules/rdbms/tests/latest/test_rdbms_commands.py::ReplicationPostgreSqlMgmtScenarioTest::test_postgrsql_basic_replica_mgmt 
src/azure-cli/azure/cli/command_modules/rdbms/tests/latest/test_rdbms_commands.py::ReplicationPostgreSqlMgmtScenarioTest::test_postgrsql_general_purpose_replica_mgmt 
[gw3] [ 51%] PASSED src/azure-cli/azure/cli/command_modules/backup/tests/latest/test_backup_commands.py::BackupTests::test_backup_job 
src/azure-cli/azure/cli/command_modules/backup/tests/latest/test_backup_commands.py::BackupTests::test_backup_policy 
[gw0] [ 51%] PASSED src/azure-cli/azure/cli/command_modules/hdinsight/tests/latest/test_hdinsight_commands.py::HDInsightClusterTests::test_hdinsight_cluster_with_loadbased_autoscale 
src/azure-cli/azure/cli/command_modules/hdinsight/tests/latest/test_hdinsight_commands.py::HDInsightClusterTests::test_hdinsight_cluster_with_minimal_tls_version 
[gw2] [ 51%] PASSED src/azure-cli/azure/cli/command_modules/rdbms/tests/latest/test_rdbms_commands.py::ServerMgmtScenarioTest::test_postgres_server_mgmt 
src/azure-cli/azure/cli/command_modules/rdbms/tests/latest/test_rdbms_commands.py::ProxyResourcesMgmtScenarioTest::test_mariadb_proxy_resources_mgmt 
[gw3] [ 51%] PASSED src/azure-cli/azure/cli/command_modules/backup/tests/latest/test_backup_commands.py::BackupTests::test_backup_policy 
src/azure-cli/azure/cli/command_modules/backup/tests/latest/test_backup_commands.py::BackupTests::test_backup_protection 
[gw0] [ 51%] FAILED src/azure-cli/azure/cli/command_modules/hdinsight/tests/latest/test_hdinsight_commands.py::HDInsightClusterTests::test_hdinsight_cluster_with_minimal_tls_version 
src/azure-cli/azure/cli/command_modules/hdinsight/tests/latest/test_hdinsight_commands.py::HDInsightClusterTests::test_hdinsight_cluster_with_relay_and_privatelink 
[gw1] [ 52%] PASSED src/azure-cli/azure/cli/command_modules/rdbms/tests/latest/test_rdbms_commands.py::ReplicationPostgreSqlMgmtScenarioTest::test_postgrsql_general_purpose_replica_mgmt 
src/azure-cli/azure/cli/command_modules/rdbms/tests/latest/test_rdbms_flexible_commands.py::FlexibleServerMgmtScenarioTest::test_mysql_flexible_server_mgmt 
[gw0] [ 52%] FAILED src/azure-cli/azure/cli/command_modules/hdinsight/tests/latest/test_hdinsight_commands.py::HDInsightClusterTests::test_hdinsight_cluster_with_relay_and_privatelink 
src/azure-cli/azure/cli/command_modules/hdinsight/tests/latest/test_hdinsight_commands.py::HDInsightClusterTests::test_hdinsight_cluster_with_schedulebased_autoscale 
[gw2] [ 52%] PASSED src/azure-cli/azure/cli/command_modules/rdbms/tests/latest/test_rdbms_commands.py::ProxyResourcesMgmtScenarioTest::test_mariadb_proxy_resources_mgmt 
src/azure-cli/azure/cli/command_modules/rdbms/tests/latest/test_rdbms_commands.py::ProxyResourcesMgmtScenarioTest::test_mysql_proxy_resources_mgmt 
[gw3] [ 52%] PASSED src/azure-cli/azure/cli/command_modules/backup/tests/latest/test_backup_commands.py::BackupTests::test_backup_protection 
src/azure-cli/azure/cli/command_modules/backup/tests/latest/test_backup_commands.py::BackupTests::test_backup_restore 
[gw0] [ 52%] PASSED src/azure-cli/azure/cli/command_modules/hdinsight/tests/latest/test_hdinsight_commands.py::HDInsightClusterTests::test_hdinsight_cluster_with_schedulebased_autoscale 
src/azure-cli/azure/cli/command_modules/hdinsight/tests/latest/test_hdinsight_commands.py::HDInsightClusterTests::test_hdinsight_cluster_with_ssh_creds 
[gw0] [ 52%] FAILED src/azure-cli/azure/cli/command_modules/hdinsight/tests/latest/test_hdinsight_commands.py::HDInsightClusterTests::test_hdinsight_cluster_with_ssh_creds 
src/azure-cli/azure/cli/command_modules/hdinsight/tests/latest/test_hdinsight_commands.py::HDInsightClusterTests::test_hdinsight_monitor 
[gw0] [ 53%] FAILED src/azure-cli/azure/cli/command_modules/hdinsight/tests/latest/test_hdinsight_commands.py::HDInsightClusterTests::test_hdinsight_monitor 
src/azure-cli/azure/cli/command_modules/hdinsight/tests/latest/test_hdinsight_commands.py::HDInsightClusterTests::test_hdinsight_script_action 
[gw0] [ 53%] FAILED src/azure-cli/azure/cli/command_modules/hdinsight/tests/latest/test_hdinsight_commands.py::HDInsightClusterTests::test_hdinsight_script_action 
src/azure-cli/azure/cli/command_modules/hdinsight/tests/latest/test_hdinsight_commands.py::HDInsightClusterTests::test_hdinsight_virtual_machine 
[gw1] [ 53%] PASSED src/azure-cli/azure/cli/command_modules/rdbms/tests/latest/test_rdbms_flexible_commands.py::FlexibleServerMgmtScenarioTest::test_mysql_flexible_server_mgmt 
src/azure-cli/azure/cli/command_modules/rdbms/tests/latest/test_rdbms_flexible_commands.py::FlexibleServerMgmtScenarioTest::test_postgres_flexible_server_mgmt 
[gw0] [ 53%] FAILED src/azure-cli/azure/cli/command_modules/hdinsight/tests/latest/test_hdinsight_commands.py::HDInsightClusterTests::test_hdinsight_virtual_machine 
src/azure-cli/azure/cli/command_modules/iot/tests/latest/test_iot_central_commands.py::IoTCentralTest::test_iot_central_app 
[gw0] [ 53%] PASSED src/azure-cli/azure/cli/command_modules/iot/tests/latest/test_iot_central_commands.py::IoTCentralTest::test_iot_central_app 
src/azure-cli/azure/cli/command_modules/iot/tests/latest/test_iot_certificate_commands.py::IotHubCertificateTest::test_certificate_lifecycle 
[gw0] [ 54%] PASSED src/azure-cli/azure/cli/command_modules/iot/tests/latest/test_iot_certificate_commands.py::IotHubCertificateTest::test_certificate_lifecycle 
src/azure-cli/azure/cli/command_modules/iot/tests/latest/test_iot_commands.py::IoTHubTest::test_identity_hub 
[gw0] [ 54%] FAILED src/azure-cli/azure/cli/command_modules/iot/tests/latest/test_iot_commands.py::IoTHubTest::test_identity_hub 
src/azure-cli/azure/cli/command_modules/iot/tests/latest/test_iot_commands.py::IoTHubTest::test_iot_hub 
[gw0] [ 54%] PASSED src/azure-cli/azure/cli/command_modules/iot/tests/latest/test_iot_commands.py::IoTHubTest::test_iot_hub 
src/azure-cli/azure/cli/command_modules/iot/tests/latest/test_iot_dps_commands.py::IoTDpsTest::test_dps_lifecycle 
[gw2] [ 54%] PASSED src/azure-cli/azure/cli/command_modules/rdbms/tests/latest/test_rdbms_commands.py::ProxyResourcesMgmtScenarioTest::test_mysql_proxy_resources_mgmt 
src/azure-cli/azure/cli/command_modules/rdbms/tests/latest/test_rdbms_commands.py::ProxyResourcesMgmtScenarioTest::test_postgres_proxy_resources_mgmt 
[gw0] [ 54%] PASSED src/azure-cli/azure/cli/command_modules/iot/tests/latest/test_iot_dps_commands.py::IoTDpsTest::test_dps_lifecycle 
src/azure-cli/azure/cli/command_modules/keyvault/tests/latest/test_keyvault_commands.py::KeyVaultHSMSelectiveKeyRestoreScenarioTest::test_keyvault_hsm_selective_key_restore 
[gw0] [ 54%] SKIPPED src/azure-cli/azure/cli/command_modules/keyvault/tests/latest/test_keyvault_commands.py::KeyVaultHSMSelectiveKeyRestoreScenarioTest::test_keyvault_hsm_selective_key_restore 
src/azure-cli/azure/cli/command_modules/keyvault/tests/latest/test_keyvault_commands.py::KeyVaultHSMFullBackupRestoreScenarioTest::test_keyvault_hsm_full_backup_restore 
[gw0] [ 55%] SKIPPED src/azure-cli/azure/cli/command_modules/keyvault/tests/latest/test_keyvault_commands.py::KeyVaultHSMFullBackupRestoreScenarioTest::test_keyvault_hsm_full_backup_restore 
src/azure-cli/azure/cli/command_modules/search/tests/latest/test_service.py::AzureSearchServicesTests::test_service_create_multi_replica 
[gw1] [ 55%] PASSED src/azure-cli/azure/cli/command_modules/rdbms/tests/latest/test_rdbms_flexible_commands.py::FlexibleServerMgmtScenarioTest::test_postgres_flexible_server_mgmt 
src/azure-cli/azure/cli/command_modules/resource/tests/latest/test_managmentgroups.py::AzureManagementGroupsScenarioTest::test_create_delete_group_managementgroup 
[gw1] [ 55%] SKIPPED src/azure-cli/azure/cli/command_modules/resource/tests/latest/test_managmentgroups.py::AzureManagementGroupsScenarioTest::test_create_delete_group_managementgroup 
src/azure-cli/azure/cli/command_modules/resource/tests/latest/test_managmentgroups.py::AzureManagementGroupsScenarioTest::test_create_managementgroup 
[gw1] [ 55%] SKIPPED src/azure-cli/azure/cli/command_modules/resource/tests/latest/test_managmentgroups.py::AzureManagementGroupsScenarioTest::test_create_managementgroup 
src/azure-cli/azure/cli/command_modules/resource/tests/latest/test_managmentgroups.py::AzureManagementGroupsScenarioTest::test_create_managementgroup_with_displayname 
[gw1] [ 55%] SKIPPED src/azure-cli/azure/cli/command_modules/resource/tests/latest/test_managmentgroups.py::AzureManagementGroupsScenarioTest::test_create_managementgroup_with_displayname 
src/azure-cli/azure/cli/command_modules/resource/tests/latest/test_managmentgroups.py::AzureManagementGroupsScenarioTest::test_create_managementgroup_with_displayname_and_parentid 
[gw1] [ 56%] SKIPPED src/azure-cli/azure/cli/command_modules/resource/tests/latest/test_managmentgroups.py::AzureManagementGroupsScenarioTest::test_create_managementgroup_with_displayname_and_parentid 
src/azure-cli/azure/cli/command_modules/resource/tests/latest/test_managmentgroups.py::AzureManagementGroupsScenarioTest::test_create_managementgroup_with_parentid 
[gw1] [ 56%] SKIPPED src/azure-cli/azure/cli/command_modules/resource/tests/latest/test_managmentgroups.py::AzureManagementGroupsScenarioTest::test_create_managementgroup_with_parentid 
src/azure-cli/azure/cli/command_modules/resource/tests/latest/test_managmentgroups.py::AzureManagementGroupsScenarioTest::test_list_managementgroups 
[gw1] [ 56%] SKIPPED src/azure-cli/azure/cli/command_modules/resource/tests/latest/test_managmentgroups.py::AzureManagementGroupsScenarioTest::test_list_managementgroups 
src/azure-cli/azure/cli/command_modules/resource/tests/latest/test_managmentgroups.py::AzureManagementGroupsScenarioTest::test_show_managementgroup 
[gw1] [ 56%] SKIPPED src/azure-cli/azure/cli/command_modules/resource/tests/latest/test_managmentgroups.py::AzureManagementGroupsScenarioTest::test_show_managementgroup 
src/azure-cli/azure/cli/command_modules/resource/tests/latest/test_managmentgroups.py::AzureManagementGroupsScenarioTest::test_show_managementgroup_with_expand 
[gw1] [ 56%] SKIPPED src/azure-cli/azure/cli/command_modules/resource/tests/latest/test_managmentgroups.py::AzureManagementGroupsScenarioTest::test_show_managementgroup_with_expand 
src/azure-cli/azure/cli/command_modules/resource/tests/latest/test_managmentgroups.py::AzureManagementGroupsScenarioTest::test_show_managementgroup_with_expand_and_recurse 
[gw1] [ 56%] SKIPPED src/azure-cli/azure/cli/command_modules/resource/tests/latest/test_managmentgroups.py::AzureManagementGroupsScenarioTest::test_show_managementgroup_with_expand_and_recurse 
src/azure-cli/azure/cli/command_modules/resource/tests/latest/test_managmentgroups.py::AzureManagementGroupsScenarioTest::test_update_managementgroup_with_displayname 
[gw1] [ 57%] SKIPPED src/azure-cli/azure/cli/command_modules/resource/tests/latest/test_managmentgroups.py::AzureManagementGroupsScenarioTest::test_update_managementgroup_with_displayname 
src/azure-cli/azure/cli/command_modules/resource/tests/latest/test_managmentgroups.py::AzureManagementGroupsScenarioTest::test_update_managementgroup_with_displayname_and_parentid 
[gw1] [ 57%] SKIPPED src/azure-cli/azure/cli/command_modules/resource/tests/latest/test_managmentgroups.py::AzureManagementGroupsScenarioTest::test_update_managementgroup_with_displayname_and_parentid 
src/azure-cli/azure/cli/command_modules/resource/tests/latest/test_managmentgroups.py::AzureManagementGroupsScenarioTest::test_update_managementgroup_with_parentid 
[gw1] [ 57%] SKIPPED src/azure-cli/azure/cli/command_modules/resource/tests/latest/test_managmentgroups.py::AzureManagementGroupsScenarioTest::test_update_managementgroup_with_parentid 
src/azure-cli/azure/cli/command_modules/resource/tests/latest/test_resource.py::DeploymentTestAtResourceGroup::test_resource_group_deployment 
[gw1] [ 57%] PASSED src/azure-cli/azure/cli/command_modules/resource/tests/latest/test_resource.py::DeploymentTestAtResourceGroup::test_resource_group_deployment 
src/azure-cli/azure/cli/command_modules/resource/tests/latest/test_resource.py::DeploymentTestAtManagementGroup::test_management_group_deployment 
[gw1] [ 57%] FAILED src/azure-cli/azure/cli/command_modules/resource/tests/latest/test_resource.py::DeploymentTestAtManagementGroup::test_management_group_deployment 
src/azure-cli/azure/cli/command_modules/resource/tests/latest/test_resource.py::PolicyScenarioTest::test_show_built_in_policy 
[gw1] [ 58%] PASSED src/azure-cli/azure/cli/command_modules/resource/tests/latest/test_resource.py::PolicyScenarioTest::test_show_built_in_policy 
src/azure-cli/azure/cli/command_modules/role/tests/latest/test_role.py::RoleAssignmentScenarioTest::test_role_assignment_e2e 
[gw1] [ 58%] FAILED src/azure-cli/azure/cli/command_modules/role/tests/latest/test_role.py::RoleAssignmentScenarioTest::test_role_assignment_e2e 
src/azure-cli/azure/cli/command_modules/role/tests/latest/test_role.py::RoleAssignmentScenarioTest::test_role_assignment_handle_conflicted_assignments 
[gw1] [ 58%] FAILED src/azure-cli/azure/cli/command_modules/role/tests/latest/test_role.py::RoleAssignmentScenarioTest::test_role_assignment_handle_conflicted_assignments 
src/azure-cli/azure/cli/command_modules/search/tests/latest/test_admin_key.py::AzureSearchAdminKeysTests::test_admin_key_show_renew 
[gw0] [ 58%] PASSED src/azure-cli/azure/cli/command_modules/search/tests/latest/test_service.py::AzureSearchServicesTests::test_service_create_multi_replica 
src/azure-cli/azure/cli/command_modules/search/tests/latest/test_service.py::AzureSearchServicesTests::test_service_create_skus 
[gw0] [ 58%] PASSED src/azure-cli/azure/cli/command_modules/search/tests/latest/test_service.py::AzureSearchServicesTests::test_service_create_skus 
src/azure-cli/azure/cli/command_modules/search/tests/latest/test_service.py::AzureSearchServicesTests::test_service_update 
[gw1] [ 58%] PASSED src/azure-cli/azure/cli/command_modules/search/tests/latest/test_admin_key.py::AzureSearchAdminKeysTests::test_admin_key_show_renew 
src/azure-cli/azure/cli/command_modules/search/tests/latest/test_query_key.py::AzureSearchQueryKeysTests::test_query_key_create_delete_list 
[gw3] [ 59%] PASSED src/azure-cli/azure/cli/command_modules/backup/tests/latest/test_backup_commands.py::BackupTests::test_backup_restore 
src/azure-cli/azure/cli/command_modules/backup/tests/latest/test_backup_commands.py::BackupTests::test_backup_rp 
[gw1] [ 59%] PASSED src/azure-cli/azure/cli/command_modules/search/tests/latest/test_query_key.py::AzureSearchQueryKeysTests::test_query_key_create_delete_list 
src/azure-cli/azure/cli/command_modules/search/tests/latest/test_service.py::AzureSearchServicesTests::test_service_create_delete_list 
[gw1] [ 59%] PASSED src/azure-cli/azure/cli/command_modules/search/tests/latest/test_service.py::AzureSearchServicesTests::test_service_create_delete_list 
src/azure-cli/azure/cli/command_modules/search/tests/latest/test_service.py::AzureSearchServicesTests::test_service_create_delete_show 
[gw1] [ 59%] PASSED src/azure-cli/azure/cli/command_modules/search/tests/latest/test_service.py::AzureSearchServicesTests::test_service_create_delete_show 
src/azure-cli/azure/cli/command_modules/search/tests/latest/test_service.py::AzureSearchServicesTests::test_service_create_multi_partition 
[gw2] [ 59%] PASSED src/azure-cli/azure/cli/command_modules/rdbms/tests/latest/test_rdbms_commands.py::ProxyResourcesMgmtScenarioTest::test_postgres_proxy_resources_mgmt 
src/azure-cli/azure/cli/command_modules/rdbms/tests/latest/test_rdbms_commands.py::ReplicationMgmtScenarioTest::test_mysql_replica_mgmt 
[gw1] [ 60%] PASSED src/azure-cli/azure/cli/command_modules/search/tests/latest/test_service.py::AzureSearchServicesTests::test_service_create_multi_partition 
src/azure-cli/azure/cli/command_modules/sql/tests/latest/test_sql_commands.py::SqlServerMinimalTlsVersionScenarioTest::test_sql_server_minimal_tls_version 
[gw1] [ 60%] PASSED src/azure-cli/azure/cli/command_modules/sql/tests/latest/test_sql_commands.py::SqlServerMinimalTlsVersionScenarioTest::test_sql_server_minimal_tls_version 
src/azure-cli/azure/cli/command_modules/sql/tests/latest/test_sql_commands.py::SqlManagedDatabaseLogReplayScenarionTest::test_sql_midb_logreplay_mgmt 
[gw1] [ 60%] FAILED src/azure-cli/azure/cli/command_modules/sql/tests/latest/test_sql_commands.py::SqlManagedDatabaseLogReplayScenarionTest::test_sql_midb_logreplay_mgmt 
src/azure-cli/azure/cli/command_modules/sqlvm/tests/latest/test_sqlvm_commands.py::SqlVmScenarioTest::test_sqlvm_create_and_delete 
[gw1] [ 60%] FAILED src/azure-cli/azure/cli/command_modules/sqlvm/tests/latest/test_sqlvm_commands.py::SqlVmScenarioTest::test_sqlvm_create_and_delete 
src/azure-cli/azure/cli/command_modules/sqlvm/tests/latest/test_sqlvm_commands.py::SqlVmScenarioTest::test_sqlvm_mgmt 
[gw1] [ 60%] FAILED src/azure-cli/azure/cli/command_modules/sqlvm/tests/latest/test_sqlvm_commands.py::SqlVmScenarioTest::test_sqlvm_mgmt 
src/azure-cli/azure/cli/command_modules/sqlvm/tests/latest/test_sqlvm_commands.py::SqlVmScenarioTest::test_sqlvm_update_license_and_sku 
[gw1] [ 60%] FAILED src/azure-cli/azure/cli/command_modules/sqlvm/tests/latest/test_sqlvm_commands.py::SqlVmScenarioTest::test_sqlvm_update_license_and_sku 
src/azure-cli/azure/cli/command_modules/sqlvm/tests/latest/test_sqlvm_commands.py::SqlVmAndGroupScenarioTest::test_sqlvm_add_and_remove 
[gw1] [ 61%] FAILED src/azure-cli/azure/cli/command_modules/sqlvm/tests/latest/test_sqlvm_commands.py::SqlVmAndGroupScenarioTest::test_sqlvm_add_and_remove 
src/azure-cli/azure/cli/command_modules/storage/tests/latest/test_storage_account_scenarios.py::StorageAccountTests::test_create_storage_account 
[gw1] [ 61%] PASSED src/azure-cli/azure/cli/command_modules/storage/tests/latest/test_storage_account_scenarios.py::StorageAccountTests::test_create_storage_account 
src/azure-cli/azure/cli/command_modules/storage/tests/latest/test_storage_account_scenarios.py::StorageAccountTests::test_create_storage_account_with_assigned_identity 
[gw1] [ 61%] PASSED src/azure-cli/azure/cli/command_modules/storage/tests/latest/test_storage_account_scenarios.py::StorageAccountTests::test_create_storage_account_with_assigned_identity 
src/azure-cli/azure/cli/command_modules/storage/tests/latest/test_storage_account_scenarios.py::StorageAccountTests::test_create_storage_account_with_double_encryption 
[gw1] [ 61%] FAILED src/azure-cli/azure/cli/command_modules/storage/tests/latest/test_storage_account_scenarios.py::StorageAccountTests::test_create_storage_account_with_double_encryption 
src/azure-cli/azure/cli/command_modules/storage/tests/latest/test_storage_account_scenarios.py::StorageAccountTests::test_create_storage_account_with_files_aadds 
[gw1] [ 61%] FAILED src/azure-cli/azure/cli/command_modules/storage/tests/latest/test_storage_account_scenarios.py::StorageAccountTests::test_create_storage_account_with_files_aadds 
src/azure-cli/azure/cli/command_modules/storage/tests/latest/test_storage_account_scenarios.py::StorageAccountTests::test_create_storage_account_with_files_aadds_false 
[gw1] [ 62%] PASSED src/azure-cli/azure/cli/command_modules/storage/tests/latest/test_storage_account_scenarios.py::StorageAccountTests::test_create_storage_account_with_files_aadds_false 
src/azure-cli/azure/cli/command_modules/storage/tests/latest/test_storage_account_scenarios.py::StorageAccountTests::test_create_storage_account_with_files_aadds_true 
[gw1] [ 62%] FAILED src/azure-cli/azure/cli/command_modules/storage/tests/latest/test_storage_account_scenarios.py::StorageAccountTests::test_create_storage_account_with_files_aadds_true 
src/azure-cli/azure/cli/command_modules/storage/tests/latest/test_storage_account_scenarios.py::StorageAccountTests::test_customer_managed_key 
[gw1] [ 62%] PASSED src/azure-cli/azure/cli/command_modules/storage/tests/latest/test_storage_account_scenarios.py::StorageAccountTests::test_customer_managed_key 
src/azure-cli/azure/cli/command_modules/storage/tests/latest/test_storage_account_scenarios.py::StorageAccountTests::test_management_policy 
[gw1] [ 62%] PASSED src/azure-cli/azure/cli/command_modules/storage/tests/latest/test_storage_account_scenarios.py::StorageAccountTests::test_management_policy 
src/azure-cli/azure/cli/command_modules/storage/tests/latest/test_storage_account_scenarios.py::StorageAccountTests::test_storage_account_service_endpoints 
[gw2] [ 62%] PASSED src/azure-cli/azure/cli/command_modules/rdbms/tests/latest/test_rdbms_commands.py::ReplicationMgmtScenarioTest::test_mysql_replica_mgmt 
src/azure-cli/azure/cli/command_modules/storage/tests/latest/test_storage_account_scenarios.py::StorageAccountTests::test_storage_create_with_hns_false 
[gw2] [ 62%] PASSED src/azure-cli/azure/cli/command_modules/storage/tests/latest/test_storage_account_scenarios.py::StorageAccountTests::test_storage_create_with_hns_false 
src/azure-cli/azure/cli/command_modules/storage/tests/latest/test_storage_account_scenarios.py::StorageAccountTests::test_storage_create_with_hns_true 
[gw1] [ 63%] PASSED src/azure-cli/azure/cli/command_modules/storage/tests/latest/test_storage_account_scenarios.py::StorageAccountTests::test_storage_account_service_endpoints 
src/azure-cli/azure/cli/command_modules/storage/tests/latest/test_storage_account_scenarios.py::StorageAccountTests::test_storage_account_with_routing_preference 
[gw2] [ 63%] PASSED src/azure-cli/azure/cli/command_modules/storage/tests/latest/test_storage_account_scenarios.py::StorageAccountTests::test_storage_create_with_hns_true 
src/azure-cli/azure/cli/command_modules/storage/tests/latest/test_storage_account_scenarios.py::StorageAccountTests::test_storage_create_with_min_tls 
[gw2] [ 63%] PASSED src/azure-cli/azure/cli/command_modules/storage/tests/latest/test_storage_account_scenarios.py::StorageAccountTests::test_storage_create_with_min_tls 
src/azure-cli/azure/cli/command_modules/storage/tests/latest/test_storage_account_scenarios.py::StorageAccountTests::test_storage_create_with_public_access 
[gw2] [ 63%] PASSED src/azure-cli/azure/cli/command_modules/storage/tests/latest/test_storage_account_scenarios.py::StorageAccountTests::test_storage_create_with_public_access 
src/azure-cli/azure/cli/command_modules/storage/tests/latest/test_storage_account_scenarios.py::StorageAccountTests::test_update_storage_account_with_assigned_identity 
[gw2] [ 63%] PASSED src/azure-cli/azure/cli/command_modules/storage/tests/latest/test_storage_account_scenarios.py::StorageAccountTests::test_update_storage_account_with_assigned_identity 
src/azure-cli/azure/cli/command_modules/storage/tests/latest/test_storage_account_scenarios.py::StorageAccountTests::test_update_storage_account_with_files_aadds 
[gw1] [ 64%] PASSED src/azure-cli/azure/cli/command_modules/storage/tests/latest/test_storage_account_scenarios.py::StorageAccountTests::test_storage_account_with_routing_preference 
src/azure-cli/azure/cli/command_modules/storage/tests/latest/test_storage_account_scenarios.py::StorageAccountTests::test_storage_create_default_kind 
[gw2] [ 64%] FAILED src/azure-cli/azure/cli/command_modules/storage/tests/latest/test_storage_account_scenarios.py::StorageAccountTests::test_update_storage_account_with_files_aadds 
src/azure-cli/azure/cli/command_modules/storage/tests/latest/test_storage_account_scenarios.py::StorageAccountTests::test_update_storage_account_with_files_aadds_false 
[gw1] [ 64%] PASSED src/azure-cli/azure/cli/command_modules/storage/tests/latest/test_storage_account_scenarios.py::StorageAccountTests::test_storage_create_default_kind 
src/azure-cli/azure/cli/command_modules/storage/tests/latest/test_storage_account_scenarios.py::StorageAccountTests::test_storage_create_default_sku 
[gw2] [ 64%] PASSED src/azure-cli/azure/cli/command_modules/storage/tests/latest/test_storage_account_scenarios.py::StorageAccountTests::test_update_storage_account_with_files_aadds_false 
src/azure-cli/azure/cli/command_modules/storage/tests/latest/test_storage_account_scenarios.py::StorageAccountTests::test_update_storage_account_with_files_aadds_true 
[gw1] [ 64%] PASSED src/azure-cli/azure/cli/command_modules/storage/tests/latest/test_storage_account_scenarios.py::StorageAccountTests::test_storage_create_default_sku 
src/azure-cli/azure/cli/command_modules/storage/tests/latest/test_storage_account_scenarios.py::StorageAccountTests::test_storage_create_with_encryption_key_type 
[gw1] [ 64%] FAILED src/azure-cli/azure/cli/command_modules/storage/tests/latest/test_storage_account_scenarios.py::StorageAccountTests::test_storage_create_with_encryption_key_type 
src/azure-cli/azure/cli/command_modules/storage/tests/latest/test_storage_account_scenarios.py::StorageAccountTests::test_storage_create_with_hns 
[gw2] [ 65%] FAILED src/azure-cli/azure/cli/command_modules/storage/tests/latest/test_storage_account_scenarios.py::StorageAccountTests::test_update_storage_account_with_files_aadds_true 
src/azure-cli/azure/cli/command_modules/storage/tests/latest/test_storage_account_scenarios.py::StorageAccountSkuScenarioTest::test_storage_account_sku 
[gw1] [ 65%] PASSED src/azure-cli/azure/cli/command_modules/storage/tests/latest/test_storage_account_scenarios.py::StorageAccountTests::test_storage_create_with_hns 
src/azure-cli/azure/cli/command_modules/synapse/tests/latest/test_synapse_scenario.py::SynapseScenarioTests::test_sql_pool_audit_policy 
[gw1] [ 65%] SKIPPED src/azure-cli/azure/cli/command_modules/synapse/tests/latest/test_synapse_scenario.py::SynapseScenarioTests::test_sql_pool_audit_policy 
src/azure-cli/azure/cli/command_modules/synapse/tests/latest/test_synapse_scenario.py::SynapseScenarioTests::test_sql_pool_threat_policy 
[gw1] [ 65%] SKIPPED src/azure-cli/azure/cli/command_modules/synapse/tests/latest/test_synapse_scenario.py::SynapseScenarioTests::test_sql_pool_threat_policy 
src/azure-cli/azure/cli/command_modules/synapse/tests/latest/test_synapse_scenario.py::SynapseScenarioTests::test_trigger 
[gw1] [ 65%] SKIPPED src/azure-cli/azure/cli/command_modules/synapse/tests/latest/test_synapse_scenario.py::SynapseScenarioTests::test_trigger 
src/azure-cli/azure/cli/command_modules/vm/tests/latest/test_image_builder_commands.py::ImageTemplateTest::test_defer_only_commands 
[gw2] [ 66%] FAILED src/azure-cli/azure/cli/command_modules/storage/tests/latest/test_storage_account_scenarios.py::StorageAccountSkuScenarioTest::test_storage_account_sku 
src/azure-cli/azure/cli/command_modules/storage/tests/latest/test_storage_account_scenarios.py::StorageAccountLocalContextScenarioTest::test_storage_account_local_context 
[gw1] [ 66%] PASSED src/azure-cli/azure/cli/command_modules/vm/tests/latest/test_image_builder_commands.py::ImageTemplateTest::test_defer_only_commands 
src/azure-cli/azure/cli/command_modules/vm/tests/latest/test_image_builder_commands.py::ImageTemplateTest::test_image_build_managed_image 
[gw2] [ 66%] PASSED src/azure-cli/azure/cli/command_modules/storage/tests/latest/test_storage_account_scenarios.py::StorageAccountLocalContextScenarioTest::test_storage_account_local_context 
src/azure-cli/azure/cli/command_modules/storage/tests/latest/test_storage_blob_scenarios.py::StorageBlobUploadTests::test_storage_blob_update_service_properties 
[gw2] [ 66%] PASSED src/azure-cli/azure/cli/command_modules/storage/tests/latest/test_storage_blob_scenarios.py::StorageBlobUploadTests::test_storage_blob_update_service_properties 
src/azure-cli/azure/cli/command_modules/storage/tests/latest/test_storage_container_legal_hold.py::StorageLegalHold::test_legal_hold 
[gw2] [ 66%] PASSED src/azure-cli/azure/cli/command_modules/storage/tests/latest/test_storage_container_legal_hold.py::StorageLegalHold::test_legal_hold 
src/azure-cli/azure/cli/command_modules/storage/tests/latest/test_storage_encryption_scope_scenarios.py::StorageAccountEncryptionTests::test_storage_account_encryption_scope 
[gw0] [ 66%] PASSED src/azure-cli/azure/cli/command_modules/search/tests/latest/test_service.py::AzureSearchServicesTests::test_service_update 
src/azure-cli/azure/cli/command_modules/security/tests/latest/test_iot_scenario.py::SecurityCenterIotTests::test_security_iot 
[gw2] [ 67%] PASSED src/azure-cli/azure/cli/command_modules/storage/tests/latest/test_storage_encryption_scope_scenarios.py::StorageAccountEncryptionTests::test_storage_account_encryption_scope 
src/azure-cli/azure/cli/command_modules/synapse/tests/latest/test_synapse_scenario.py::SynapseScenarioTests::test_data_flow 
[gw2] [ 67%] SKIPPED src/azure-cli/azure/cli/command_modules/synapse/tests/latest/test_synapse_scenario.py::SynapseScenarioTests::test_data_flow 
src/azure-cli/azure/cli/command_modules/synapse/tests/latest/test_synapse_scenario.py::SynapseScenarioTests::test_linked_service 
[gw2] [ 67%] SKIPPED src/azure-cli/azure/cli/command_modules/synapse/tests/latest/test_synapse_scenario.py::SynapseScenarioTests::test_linked_service 
src/azure-cli/azure/cli/command_modules/synapse/tests/latest/test_synapse_scenario.py::SynapseScenarioTests::test_notebook 
[gw2] [ 67%] SKIPPED src/azure-cli/azure/cli/command_modules/synapse/tests/latest/test_synapse_scenario.py::SynapseScenarioTests::test_notebook 
src/azure-cli/azure/cli/command_modules/synapse/tests/latest/test_synapse_scenario.py::SynapseScenarioTests::test_pipeline 
[gw2] [ 67%] SKIPPED src/azure-cli/azure/cli/command_modules/synapse/tests/latest/test_synapse_scenario.py::SynapseScenarioTests::test_pipeline 
src/azure-cli/azure/cli/command_modules/vm/tests/latest/test_vm_commands.py::VMWindowsLicenseTest::test_vm_windows_license_type 
[gw2] [ 68%] FAILED src/azure-cli/azure/cli/command_modules/vm/tests/latest/test_vm_commands.py::VMWindowsLicenseTest::test_vm_windows_license_type 
src/azure-cli/azure/cli/command_modules/vm/tests/latest/test_vm_commands.py::VMCustomImageTest::test_vm_custom_image 
[gw2] [ 68%] FAILED src/azure-cli/azure/cli/command_modules/vm/tests/latest/test_vm_commands.py::VMCustomImageTest::test_vm_custom_image 
src/azure-cli/azure/cli/command_modules/vm/tests/latest/test_vm_commands.py::VMCustomImageTest::test_vm_custom_image_name_conflict 
[gw2] [ 68%] FAILED src/azure-cli/azure/cli/command_modules/vm/tests/latest/test_vm_commands.py::VMCustomImageTest::test_vm_custom_image_name_conflict 
src/azure-cli/azure/cli/command_modules/vm/tests/latest/test_vm_commands.py::VMCreateFromUnmanagedDiskTest::test_vm_create_from_unmanaged_disk 
[gw2] [ 68%] FAILED src/azure-cli/azure/cli/command_modules/vm/tests/latest/test_vm_commands.py::VMCreateFromUnmanagedDiskTest::test_vm_create_from_unmanaged_disk 
src/azure-cli/azure/cli/command_modules/vm/tests/latest/test_vm_commands.py::VMCreateWithSpecializedUnmanagedDiskTest::test_vm_create_with_specialized_unmanaged_disk 
[gw2] [ 68%] FAILED src/azure-cli/azure/cli/command_modules/vm/tests/latest/test_vm_commands.py::VMCreateWithSpecializedUnmanagedDiskTest::test_vm_create_with_specialized_unmanaged_disk 
src/azure-cli/azure/cli/command_modules/vm/tests/latest/test_vm_commands.py::VMCreateWithSpecializedUnmanagedDiskTest::test_vm_create_with_unmanaged_data_disks 
[gw2] [ 68%] FAILED src/azure-cli/azure/cli/command_modules/vm/tests/latest/test_vm_commands.py::VMCreateWithSpecializedUnmanagedDiskTest::test_vm_create_with_unmanaged_data_disks 
src/azure-cli/azure/cli/command_modules/vm/tests/latest/test_vm_commands.py::VMAttachDisksOnCreate::test_vm_create_by_attach_os_and_data_disks 
[gw2] [ 69%] FAILED src/azure-cli/azure/cli/command_modules/vm/tests/latest/test_vm_commands.py::VMAttachDisksOnCreate::test_vm_create_by_attach_os_and_data_disks 
src/azure-cli/azure/cli/command_modules/vm/tests/latest/test_vm_commands.py::VMAttachDisksOnCreate::test_vm_create_by_attach_unmanaged_os_and_data_disks 
[gw2] [ 69%] FAILED src/azure-cli/azure/cli/command_modules/vm/tests/latest/test_vm_commands.py::VMAttachDisksOnCreate::test_vm_create_by_attach_unmanaged_os_and_data_disks 
src/azure-cli/azure/cli/command_modules/vm/tests/latest/test_vm_commands.py::VMOSDiskSize::test_vm_set_os_disk_size 
[gw2] [ 69%] FAILED src/azure-cli/azure/cli/command_modules/vm/tests/latest/test_vm_commands.py::VMOSDiskSize::test_vm_set_os_disk_size 
src/azure-cli/azure/cli/command_modules/vm/tests/latest/test_vm_commands.py::VMManagedDiskScenarioTest::test_vm_disk_max_shares_etc 
[gw1] [ 69%] FAILED src/azure-cli/azure/cli/command_modules/vm/tests/latest/test_image_builder_commands.py::ImageTemplateTest::test_image_build_managed_image 
src/azure-cli/azure/cli/command_modules/vm/tests/latest/test_image_builder_commands.py::ImageTemplateTest::test_image_build_shared_image 
[gw0] [ 69%] PASSED src/azure-cli/azure/cli/command_modules/security/tests/latest/test_iot_scenario.py::SecurityCenterIotTests::test_security_iot 
src/azure-cli/azure/cli/command_modules/security/tests/latest/test_workspace_settings_scenario.py::SecurityCenterWorkspaceSettingsTests::test_security_workspace_settings 
[gw2] [ 70%] FAILED src/azure-cli/azure/cli/command_modules/vm/tests/latest/test_vm_commands.py::VMManagedDiskScenarioTest::test_vm_disk_max_shares_etc 
src/azure-cli/azure/cli/command_modules/vm/tests/latest/test_vm_commands.py::VMManagedDiskScenarioTest::test_vm_disk_upload 
[gw2] [ 70%] PASSED src/azure-cli/azure/cli/command_modules/vm/tests/latest/test_vm_commands.py::VMManagedDiskScenarioTest::test_vm_disk_upload 
src/azure-cli/azure/cli/command_modules/vm/tests/latest/test_vm_commands.py::VMManagedDiskScenarioTest::test_vm_managed_disk 
[gw0] [ 70%] PASSED src/azure-cli/azure/cli/command_modules/security/tests/latest/test_workspace_settings_scenario.py::SecurityCenterWorkspaceSettingsTests::test_security_workspace_settings 
src/azure-cli/azure/cli/command_modules/servicebus/tests/latest/test_servicebus_namespace_commands.py::SBNamespaceCRUDScenarioTest::test_sb_namespace 
[gw1] [ 70%] FAILED src/azure-cli/azure/cli/command_modules/vm/tests/latest/test_image_builder_commands.py::ImageTemplateTest::test_image_build_shared_image 
src/azure-cli/azure/cli/command_modules/vm/tests/latest/test_image_builder_commands.py::ImageTemplateTest::test_image_builder_basic 
[gw2] [ 70%] PASSED src/azure-cli/azure/cli/command_modules/vm/tests/latest/test_vm_commands.py::VMManagedDiskScenarioTest::test_vm_managed_disk 
src/azure-cli/azure/cli/command_modules/vm/tests/latest/test_vm_commands.py::VMCreateAndStateModificationsScenarioTest::test_vm_create_state_modifications 
[gw0] [ 70%] PASSED src/azure-cli/azure/cli/command_modules/servicebus/tests/latest/test_servicebus_namespace_commands.py::SBNamespaceCRUDScenarioTest::test_sb_namespace 
src/azure-cli/azure/cli/command_modules/servicebus/tests/latest/test_servicebus_network_commands.py::SBNetworkrulesetCRUDScenarioTest::test_sb_network 
[gw1] [ 71%] PASSED src/azure-cli/azure/cli/command_modules/vm/tests/latest/test_image_builder_commands.py::ImageTemplateTest::test_image_builder_basic 
src/azure-cli/azure/cli/command_modules/vm/tests/latest/test_image_builder_commands.py::ImageTemplateTest::test_image_builder_basic_sig 
[gw1] [ 71%] PASSED src/azure-cli/azure/cli/command_modules/vm/tests/latest/test_image_builder_commands.py::ImageTemplateTest::test_image_builder_basic_sig 
src/azure-cli/azure/cli/command_modules/vm/tests/latest/test_image_builder_commands.py::ImageTemplateTest::test_image_builder_cancel 
[gw1] [ 71%] PASSED src/azure-cli/azure/cli/command_modules/vm/tests/latest/test_image_builder_commands.py::ImageTemplateTest::test_image_builder_cancel 
src/azure-cli/azure/cli/command_modules/vm/tests/latest/test_image_builder_commands.py::ImageTemplateTest::test_image_builder_customizers 
[gw0] [ 71%] PASSED src/azure-cli/azure/cli/command_modules/servicebus/tests/latest/test_servicebus_network_commands.py::SBNetworkrulesetCRUDScenarioTest::test_sb_network 
src/azure-cli/azure/cli/command_modules/servicebus/tests/latest/test_servicebus_queue_commands.py::SBQueueScenarioTest::test_sb_queue 
[gw2] [ 71%] PASSED src/azure-cli/azure/cli/command_modules/vm/tests/latest/test_vm_commands.py::VMCreateAndStateModificationsScenarioTest::test_vm_create_state_modifications 
src/azure-cli/azure/cli/command_modules/vm/tests/latest/test_vm_commands.py::VMSimulateEvictionScenarioTest::test_vm_simulate_eviction 
[gw0] [ 72%] PASSED src/azure-cli/azure/cli/command_modules/servicebus/tests/latest/test_servicebus_queue_commands.py::SBQueueScenarioTest::test_sb_queue 
src/azure-cli/azure/cli/command_modules/servicebus/tests/latest/test_servicebus_rules_commands.py::SBRulesCRUDScenarioTest::test_sb_rules 
[gw1] [ 72%] PASSED src/azure-cli/azure/cli/command_modules/vm/tests/latest/test_image_builder_commands.py::ImageTemplateTest::test_image_builder_customizers 
src/azure-cli/azure/cli/command_modules/vm/tests/latest/test_image_builder_commands.py::ImageTemplateTest::test_image_template_outputs 
[gw0] [ 72%] PASSED src/azure-cli/azure/cli/command_modules/servicebus/tests/latest/test_servicebus_rules_commands.py::SBRulesCRUDScenarioTest::test_sb_rules 
src/azure-cli/azure/cli/command_modules/servicebus/tests/latest/test_servicebus_subscription_commands.py::SBSubscriptionCRUDScenarioTest::test_sb_subscription 
[gw1] [ 72%] PASSED src/azure-cli/azure/cli/command_modules/vm/tests/latest/test_image_builder_commands.py::ImageTemplateTest::test_image_template_outputs 
src/azure-cli/azure/cli/command_modules/vm/tests/latest/test_vm_commands.py::VMOpenPortTest::test_vm_open_port 
[gw1] [ 72%] SKIPPED src/azure-cli/azure/cli/command_modules/vm/tests/latest/test_vm_commands.py::VMOpenPortTest::test_vm_open_port 
src/azure-cli/azure/cli/command_modules/vm/tests/latest/test_vm_commands.py::VMShowListSizesListIPAddressesScenarioTest::test_vm_show_list_sizes_list_ip_addresses 
[gw0] [ 72%] PASSED src/azure-cli/azure/cli/command_modules/servicebus/tests/latest/test_servicebus_subscription_commands.py::SBSubscriptionCRUDScenarioTest::test_sb_subscription 
src/azure-cli/azure/cli/command_modules/servicebus/tests/latest/test_servicebus_topic_commands.py::SBTopicsCRUDScenarioTest::test_sb_topic 
[gw1] [ 73%] PASSED src/azure-cli/azure/cli/command_modules/vm/tests/latest/test_vm_commands.py::VMShowListSizesListIPAddressesScenarioTest::test_vm_show_list_sizes_list_ip_addresses 
src/azure-cli/azure/cli/command_modules/vm/tests/latest/test_vm_commands.py::VMGeneralizeScenarioTest::test_vm_capture_zone_resilient_image 
[gw0] [ 73%] PASSED src/azure-cli/azure/cli/command_modules/servicebus/tests/latest/test_servicebus_topic_commands.py::SBTopicsCRUDScenarioTest::test_sb_topic 
src/azure-cli/azure/cli/command_modules/servicefabric/tests/latest/test_sf_application.py::ServiceFabricApplicationTests::test_application 
[gw0] [ 73%] FAILED src/azure-cli/azure/cli/command_modules/servicefabric/tests/latest/test_sf_application.py::ServiceFabricApplicationTests::test_application 
src/azure-cli/azure/cli/command_modules/servicefabric/tests/latest/test_sf_managed_cluster.py::ServiceFabricManagedClustersTests::test_basic_cluster 
[gw1] [ 73%] PASSED src/azure-cli/azure/cli/command_modules/vm/tests/latest/test_vm_commands.py::VMGeneralizeScenarioTest::test_vm_capture_zone_resilient_image 
src/azure-cli/azure/cli/command_modules/vm/tests/latest/test_vm_commands.py::VMGeneralizeScenarioTest::test_vm_generalize 
[gw1] [ 73%] FAILED src/azure-cli/azure/cli/command_modules/vm/tests/latest/test_vm_commands.py::VMGeneralizeScenarioTest::test_vm_generalize 
src/azure-cli/azure/cli/command_modules/vm/tests/latest/test_vm_commands.py::VMCreateNoneOptionsTest::test_vm_create_none_options 
[gw1] [ 74%] PASSED src/azure-cli/azure/cli/command_modules/vm/tests/latest/test_vm_commands.py::VMCreateNoneOptionsTest::test_vm_create_none_options 
src/azure-cli/azure/cli/command_modules/vm/tests/latest/test_vm_commands.py::VMMonitorTestDefault::test_vm_create_with_monitor 
[gw0] [ 74%] FAILED src/azure-cli/azure/cli/command_modules/servicefabric/tests/latest/test_sf_managed_cluster.py::ServiceFabricManagedClustersTests::test_basic_cluster 
src/azure-cli/azure/cli/command_modules/servicefabric/tests/latest/test_sf_managed_cluster.py::ServiceFabricManagedClustersTests::test_cert_and_ext 
[gw1] [ 74%] PASSED src/azure-cli/azure/cli/command_modules/vm/tests/latest/test_vm_commands.py::VMMonitorTestDefault::test_vm_create_with_monitor 
src/azure-cli/azure/cli/command_modules/vm/tests/latest/test_vm_commands.py::VMMonitorTestDefault::test_vm_metric_tail 
[gw2] [ 74%] FAILED src/azure-cli/azure/cli/command_modules/vm/tests/latest/test_vm_commands.py::VMSimulateEvictionScenarioTest::test_vm_simulate_eviction 
src/azure-cli/azure/cli/command_modules/vm/tests/latest/test_vm_commands.py::VMNoWaitScenarioTest::test_vm_create_no_wait 
[gw2] [ 74%] FAILED src/azure-cli/azure/cli/command_modules/vm/tests/latest/test_vm_commands.py::VMNoWaitScenarioTest::test_vm_create_no_wait 
src/azure-cli/azure/cli/command_modules/vm/tests/latest/test_vm_commands.py::VMAvailSetScenarioTest::test_vm_availset 
[gw1] [ 75%] PASSED src/azure-cli/azure/cli/command_modules/vm/tests/latest/test_vm_commands.py::VMMonitorTestDefault::test_vm_metric_tail 
src/azure-cli/azure/cli/command_modules/vm/tests/latest/test_vm_commands.py::VMMonitorTestCreateLinux::test_vm_create_with_workspace_linux 
[gw2] [ 75%] PASSED src/azure-cli/azure/cli/command_modules/vm/tests/latest/test_vm_commands.py::VMAvailSetScenarioTest::test_vm_availset 
src/azure-cli/azure/cli/command_modules/vm/tests/latest/test_vm_commands.py::VMAvailSetLiveScenarioTest::test_vm_availset_convert 
[gw0] [ 75%] FAILED src/azure-cli/azure/cli/command_modules/servicefabric/tests/latest/test_sf_managed_cluster.py::ServiceFabricManagedClustersTests::test_cert_and_ext 
src/azure-cli/azure/cli/command_modules/servicefabric/tests/latest/test_sf_managed_cluster.py::ServiceFabricManagedClustersTests::test_node_type_operation 
[gw2] [ 75%] PASSED src/azure-cli/azure/cli/command_modules/vm/tests/latest/test_vm_commands.py::VMAvailSetLiveScenarioTest::test_vm_availset_convert 
src/azure-cli/azure/cli/command_modules/vm/tests/latest/test_vm_commands.py::VMExtensionScenarioTest::test_vm_extension 
[gw2] [ 75%] FAILED src/azure-cli/azure/cli/command_modules/vm/tests/latest/test_vm_commands.py::VMExtensionScenarioTest::test_vm_extension 
src/azure-cli/azure/cli/command_modules/vm/tests/latest/test_vm_commands.py::VMExtensionScenarioTest::test_vm_extension_instance_name 
[gw2] [ 75%] FAILED src/azure-cli/azure/cli/command_modules/vm/tests/latest/test_vm_commands.py::VMExtensionScenarioTest::test_vm_extension_instance_name 
src/azure-cli/azure/cli/command_modules/vm/tests/latest/test_vm_commands.py::VMExtensionScenarioTest::test_vm_extension_with_id 
[gw2] [ 76%] FAILED src/azure-cli/azure/cli/command_modules/vm/tests/latest/test_vm_commands.py::VMExtensionScenarioTest::test_vm_extension_with_id 
src/azure-cli/azure/cli/command_modules/vm/tests/latest/test_vm_commands.py::VMCreateUbuntuScenarioTest::test_vm_create_ubuntu 
[gw2] [ 76%] FAILED src/azure-cli/azure/cli/command_modules/vm/tests/latest/test_vm_commands.py::VMCreateUbuntuScenarioTest::test_vm_create_ubuntu 
src/azure-cli/azure/cli/command_modules/vm/tests/latest/test_vm_commands.py::VMCreateEphemeralOsDisk::test_vm_create_ephemeral_os_disk 
[gw2] [ 76%] FAILED src/azure-cli/azure/cli/command_modules/vm/tests/latest/test_vm_commands.py::VMCreateEphemeralOsDisk::test_vm_create_ephemeral_os_disk 
src/azure-cli/azure/cli/command_modules/vm/tests/latest/test_vm_commands.py::VMMultiNicScenarioTest::test_vm_create_multi_nics 
[gw1] [ 76%] PASSED src/azure-cli/azure/cli/command_modules/vm/tests/latest/test_vm_commands.py::VMMonitorTestCreateLinux::test_vm_create_with_workspace_linux 
src/azure-cli/azure/cli/command_modules/vm/tests/latest/test_vm_commands.py::VMMonitorTestCreateWindows::test_vm_create_with_workspace_windows 
[gw2] [ 76%] FAILED src/azure-cli/azure/cli/command_modules/vm/tests/latest/test_vm_commands.py::VMMultiNicScenarioTest::test_vm_create_multi_nics 
src/azure-cli/azure/cli/command_modules/vm/tests/latest/test_vm_commands.py::VMSSExtensionInstallTest::test_vmss_extension_instance_name 
[gw2] [ 77%] FAILED src/azure-cli/azure/cli/command_modules/vm/tests/latest/test_vm_commands.py::VMSSExtensionInstallTest::test_vmss_extension_instance_name 
src/azure-cli/azure/cli/command_modules/vm/tests/latest/test_vm_commands.py::DiagnosticsExtensionInstallTest::test_diagnostics_extension_install 
[gw0] [ 77%] FAILED src/azure-cli/azure/cli/command_modules/servicefabric/tests/latest/test_sf_managed_cluster.py::ServiceFabricManagedClustersTests::test_node_type_operation 
src/azure-cli/azure/cli/command_modules/sql/tests/latest/test_sql_commands.py::SqlServerMgmtScenarioTest::test_sql_server_mgmt 
[gw2] [ 77%] FAILED src/azure-cli/azure/cli/command_modules/vm/tests/latest/test_vm_commands.py::DiagnosticsExtensionInstallTest::test_diagnostics_extension_install 
src/azure-cli/azure/cli/command_modules/vm/tests/latest/test_vm_commands.py::VMCreateExistingOptions::test_vm_create_auth 
[gw2] [ 77%] FAILED src/azure-cli/azure/cli/command_modules/vm/tests/latest/test_vm_commands.py::VMCreateExistingOptions::test_vm_create_auth 
src/azure-cli/azure/cli/command_modules/vm/tests/latest/test_vm_commands.py::VMCreateExistingOptions::test_vm_create_existing_options 
[gw2] [ 77%] FAILED src/azure-cli/azure/cli/command_modules/vm/tests/latest/test_vm_commands.py::VMCreateExistingOptions::test_vm_create_existing_options 
src/azure-cli/azure/cli/command_modules/vm/tests/latest/test_vm_commands.py::VMCreateExistingOptions::test_vm_create_provision_vm_agent 
[gw2] [ 77%] FAILED src/azure-cli/azure/cli/command_modules/vm/tests/latest/test_vm_commands.py::VMCreateExistingOptions::test_vm_create_provision_vm_agent 
src/azure-cli/azure/cli/command_modules/vm/tests/latest/test_vm_commands.py::VMCreateExistingIdsOptions::test_vm_create_existing_ids_options 
[gw1] [ 78%] PASSED src/azure-cli/azure/cli/command_modules/vm/tests/latest/test_vm_commands.py::VMMonitorTestCreateWindows::test_vm_create_with_workspace_windows 
src/azure-cli/azure/cli/command_modules/vm/tests/latest/test_vm_commands.py::VMMonitorTestUpdateLinux::test_vm_update_with_workspace_linux 
[gw2] [ 78%] FAILED src/azure-cli/azure/cli/command_modules/vm/tests/latest/test_vm_commands.py::VMCreateExistingIdsOptions::test_vm_create_existing_ids_options 
src/azure-cli/azure/cli/command_modules/vm/tests/latest/test_vm_commands.py::VMCreateCustomIP::test_vm_create_custom_ip 
[gw2] [ 78%] FAILED src/azure-cli/azure/cli/command_modules/vm/tests/latest/test_vm_commands.py::VMCreateCustomIP::test_vm_create_custom_ip 
src/azure-cli/azure/cli/command_modules/vm/tests/latest/test_vm_commands.py::VMDiskAttachDetachTest::test_vm_disk_attach_detach 
[gw2] [ 78%] FAILED src/azure-cli/azure/cli/command_modules/vm/tests/latest/test_vm_commands.py::VMDiskAttachDetachTest::test_vm_disk_attach_detach 
src/azure-cli/azure/cli/command_modules/vm/tests/latest/test_vm_commands.py::VMDiskAttachDetachTest::test_vm_disk_create_with_standard_zrs_sku 
[gw2] [ 78%] PASSED src/azure-cli/azure/cli/command_modules/vm/tests/latest/test_vm_commands.py::VMDiskAttachDetachTest::test_vm_disk_create_with_standard_zrs_sku 
src/azure-cli/azure/cli/command_modules/vm/tests/latest/test_vm_commands.py::VMDiskAttachDetachTest::test_vm_disk_storage_sku 
[gw0] [ 79%] PASSED src/azure-cli/azure/cli/command_modules/sql/tests/latest/test_sql_commands.py::SqlServerMgmtScenarioTest::test_sql_server_mgmt 
src/azure-cli/azure/cli/command_modules/sql/tests/latest/test_sql_commands.py::SqlServerMgmtScenarioTest::test_sql_server_public_network_access_create_mgmt 
[gw2] [ 79%] PASSED src/azure-cli/azure/cli/command_modules/vm/tests/latest/test_vm_commands.py::VMDiskAttachDetachTest::test_vm_disk_storage_sku 
src/azure-cli/azure/cli/command_modules/vm/tests/latest/test_vm_commands.py::VMDiskAttachDetachTest::test_vm_ultra_ssd_disk_update 
[gw1] [ 79%] PASSED src/azure-cli/azure/cli/command_modules/vm/tests/latest/test_vm_commands.py::VMMonitorTestUpdateLinux::test_vm_update_with_workspace_linux 
src/azure-cli/azure/cli/command_modules/vm/tests/latest/test_vm_commands.py::VMBootDiagnostics::test_vm_boot_diagnostics 
[gw2] [ 79%] PASSED src/azure-cli/azure/cli/command_modules/vm/tests/latest/test_vm_commands.py::VMDiskAttachDetachTest::test_vm_ultra_ssd_disk_update 
src/azure-cli/azure/cli/command_modules/vm/tests/latest/test_vm_commands.py::VMDiskAttachDetachTest::test_vm_ultra_ssd_storage_sku 
[gw0] [ 79%] PASSED src/azure-cli/azure/cli/command_modules/sql/tests/latest/test_sql_commands.py::SqlServerMgmtScenarioTest::test_sql_server_public_network_access_create_mgmt 
src/azure-cli/azure/cli/command_modules/sql/tests/latest/test_sql_commands.py::SqlServerMgmtScenarioTest::test_sql_server_public_network_access_update_mgmt 
[gw1] [ 79%] FAILED src/azure-cli/azure/cli/command_modules/vm/tests/latest/test_vm_commands.py::VMBootDiagnostics::test_vm_boot_diagnostics 
src/azure-cli/azure/cli/command_modules/vm/tests/latest/test_vm_commands.py::VMSSExtensionInstallTest::test_vmss_extension 
[gw1] [ 80%] FAILED src/azure-cli/azure/cli/command_modules/vm/tests/latest/test_vm_commands.py::VMSSExtensionInstallTest::test_vmss_extension 
src/azure-cli/azure/cli/command_modules/vm/tests/latest/test_vm_commands.py::VMSSCreateAndModify::test_vmss_scale_in_policy 
[gw1] [ 80%] FAILED src/azure-cli/azure/cli/command_modules/vm/tests/latest/test_vm_commands.py::VMSSCreateAndModify::test_vmss_scale_in_policy 
src/azure-cli/azure/cli/command_modules/vm/tests/latest/test_vm_commands.py::VMSSCreateOptions::test_vmss_create_auth 
[gw1] [ 80%] FAILED src/azure-cli/azure/cli/command_modules/vm/tests/latest/test_vm_commands.py::VMSSCreateOptions::test_vmss_create_auth 
src/azure-cli/azure/cli/command_modules/vm/tests/latest/test_vm_commands.py::VMSSCreateOptions::test_vmss_create_ephemeral_os_disk 
[gw0] [ 80%] FAILED src/azure-cli/azure/cli/command_modules/sql/tests/latest/test_sql_commands.py::SqlServerMgmtScenarioTest::test_sql_server_public_network_access_update_mgmt 
src/azure-cli/azure/cli/command_modules/sql/tests/latest/test_sql_commands.py::SqlServerDbSecurityScenarioTest::test_sql_db_security_mgmt 
[gw1] [ 80%] FAILED src/azure-cli/azure/cli/command_modules/vm/tests/latest/test_vm_commands.py::VMSSCreateOptions::test_vmss_create_ephemeral_os_disk 
src/azure-cli/azure/cli/command_modules/vm/tests/latest/test_vm_commands.py::VMSSCreateOptions::test_vmss_create_options 
[gw1] [ 81%] FAILED src/azure-cli/azure/cli/command_modules/vm/tests/latest/test_vm_commands.py::VMSSCreateOptions::test_vmss_create_options 
src/azure-cli/azure/cli/command_modules/vm/tests/latest/test_vm_commands.py::VMSSCreateOptions::test_vmss_update_instance_disks 
[gw1] [ 81%] FAILED src/azure-cli/azure/cli/command_modules/vm/tests/latest/test_vm_commands.py::VMSSCreateOptions::test_vmss_update_instance_disks 
src/azure-cli/azure/cli/command_modules/vm/tests/latest/test_vm_commands.py::VMSSCreateBalancerOptionsTest::test_vmss_create_default_app_gateway 
[gw1] [ 81%] FAILED src/azure-cli/azure/cli/command_modules/vm/tests/latest/test_vm_commands.py::VMSSCreateBalancerOptionsTest::test_vmss_create_default_app_gateway 
src/azure-cli/azure/cli/command_modules/vm/tests/latest/test_vm_commands.py::VMSSCreateBalancerOptionsTest::test_vmss_create_none_options 
[gw1] [ 81%] FAILED src/azure-cli/azure/cli/command_modules/vm/tests/latest/test_vm_commands.py::VMSSCreateBalancerOptionsTest::test_vmss_create_none_options 
src/azure-cli/azure/cli/command_modules/vm/tests/latest/test_vm_commands.py::VMSSCreateBalancerOptionsTest::test_vmss_create_with_app_gateway 
[gw1] [ 81%] FAILED src/azure-cli/azure/cli/command_modules/vm/tests/latest/test_vm_commands.py::VMSSCreateBalancerOptionsTest::test_vmss_create_with_app_gateway 
src/azure-cli/azure/cli/command_modules/vm/tests/latest/test_vm_commands.py::VMSSCreateBalancerOptionsTest::test_vmss_existing_lb 
[gw1] [ 81%] FAILED src/azure-cli/azure/cli/command_modules/vm/tests/latest/test_vm_commands.py::VMSSCreateBalancerOptionsTest::test_vmss_existing_lb 
src/azure-cli/azure/cli/command_modules/vm/tests/latest/test_vm_commands.py::VMSSCreateBalancerOptionsTest::test_vmss_single_placement_group_default_to_std_lb 
[gw1] [ 82%] SKIPPED src/azure-cli/azure/cli/command_modules/vm/tests/latest/test_vm_commands.py::VMSSCreateBalancerOptionsTest::test_vmss_single_placement_group_default_to_std_lb 
src/azure-cli/azure/cli/command_modules/vm/tests/latest/test_vm_commands.py::VMSSCreatePublicIpPerVm::test_vmss_public_ip_per_vm_custom_domain_name 
[gw1] [ 82%] FAILED src/azure-cli/azure/cli/command_modules/vm/tests/latest/test_vm_commands.py::VMSSCreatePublicIpPerVm::test_vmss_public_ip_per_vm_custom_domain_name 
src/azure-cli/azure/cli/command_modules/vm/tests/latest/test_vm_commands.py::VMSSUpdateTests::test_vmss_update 
[gw1] [ 82%] FAILED src/azure-cli/azure/cli/command_modules/vm/tests/latest/test_vm_commands.py::VMSSUpdateTests::test_vmss_update 
src/azure-cli/azure/cli/command_modules/vm/tests/latest/test_vm_commands.py::VMSSUpdateTests::test_vmss_update_image 
[gw1] [ 82%] FAILED src/azure-cli/azure/cli/command_modules/vm/tests/latest/test_vm_commands.py::VMSSUpdateTests::test_vmss_update_image 
src/azure-cli/azure/cli/command_modules/vm/tests/latest/test_vm_commands.py::AcceleratedNetworkingTest::test_vm_accelerated_networking 
[gw1] [ 82%] FAILED src/azure-cli/azure/cli/command_modules/vm/tests/latest/test_vm_commands.py::AcceleratedNetworkingTest::test_vm_accelerated_networking 
src/azure-cli/azure/cli/command_modules/vm/tests/latest/test_vm_commands.py::AcceleratedNetworkingTest::test_vmss_accelerated_networking 
[gw1] [ 83%] FAILED src/azure-cli/azure/cli/command_modules/vm/tests/latest/test_vm_commands.py::AcceleratedNetworkingTest::test_vmss_accelerated_networking 
src/azure-cli/azure/cli/command_modules/vm/tests/latest/test_vm_commands.py::ApplicationSecurityGroup::test_vmss_asg 
[gw1] [ 83%] FAILED src/azure-cli/azure/cli/command_modules/vm/tests/latest/test_vm_commands.py::ApplicationSecurityGroup::test_vmss_asg 
src/azure-cli/azure/cli/command_modules/vm/tests/latest/test_vm_commands.py::SecretsScenarioTest::test_vm_create_linux_secrets 
[gw1] [ 83%] FAILED src/azure-cli/azure/cli/command_modules/vm/tests/latest/test_vm_commands.py::SecretsScenarioTest::test_vm_create_linux_secrets 
src/azure-cli/azure/cli/command_modules/vm/tests/latest/test_vm_commands.py::SecretsScenarioTest::test_vm_create_windows_secrets 
[gw0] [ 83%] FAILED src/azure-cli/azure/cli/command_modules/sql/tests/latest/test_sql_commands.py::SqlServerDbSecurityScenarioTest::test_sql_db_security_mgmt 
src/azure-cli/azure/cli/command_modules/sql/tests/latest/test_sql_commands.py::SqlServerSecurityScenarioTest::test_sql_server_security_mgmt 
[gw2] [ 83%] PASSED src/azure-cli/azure/cli/command_modules/vm/tests/latest/test_vm_commands.py::VMDiskAttachDetachTest::test_vm_ultra_ssd_storage_sku 
src/azure-cli/azure/cli/command_modules/vm/tests/latest/test_vm_commands.py::VMDiskAttachDetachTest::test_vm_vmss_update_ultra_ssd_enabled 
[gw1] [ 83%] FAILED src/azure-cli/azure/cli/command_modules/vm/tests/latest/test_vm_commands.py::SecretsScenarioTest::test_vm_create_windows_secrets 
src/azure-cli/azure/cli/command_modules/vm/tests/latest/test_vm_commands.py::VMSSCreateLinuxSecretsScenarioTest::test_vmss_create_linux_secrets 
[gw1] [ 84%] FAILED src/azure-cli/azure/cli/command_modules/vm/tests/latest/test_vm_commands.py::VMSSCreateLinuxSecretsScenarioTest::test_vmss_create_linux_secrets 
src/azure-cli/azure/cli/command_modules/vm/tests/latest/test_vm_commands.py::VMSSCreateExistingOptions::test_vmss_create_existing_options 
[gw1] [ 84%] FAILED src/azure-cli/azure/cli/command_modules/vm/tests/latest/test_vm_commands.py::VMSSCreateExistingOptions::test_vmss_create_existing_options 
src/azure-cli/azure/cli/command_modules/vm/tests/latest/test_vm_commands.py::VMSSCreateExistingIdsOptions::test_vmss_create_existing_ids_options 
[gw1] [ 84%] FAILED src/azure-cli/azure/cli/command_modules/vm/tests/latest/test_vm_commands.py::VMSSCreateExistingIdsOptions::test_vmss_create_existing_ids_options 
src/azure-cli/azure/cli/command_modules/vm/tests/latest/test_vm_commands.py::VMSSVMsScenarioTest::test_vmss_vms 
[gw1] [ 84%] FAILED src/azure-cli/azure/cli/command_modules/vm/tests/latest/test_vm_commands.py::VMSSVMsScenarioTest::test_vmss_vms 
src/azure-cli/azure/cli/command_modules/vm/tests/latest/test_vm_commands.py::VMSSSimulateEvictionScenarioTest::test_vmss_simulate_eviction 
[gw0] [ 84%] FAILED src/azure-cli/azure/cli/command_modules/sql/tests/latest/test_sql_commands.py::SqlServerSecurityScenarioTest::test_sql_server_security_mgmt 
src/azure-cli/azure/cli/command_modules/sql/tests/latest/test_sql_commands.py::SqlTransparentDataEncryptionScenarioTest::test_sql_tdebyok 
[gw2] [ 85%] PASSED src/azure-cli/azure/cli/command_modules/vm/tests/latest/test_vm_commands.py::VMDiskAttachDetachTest::test_vm_vmss_update_ultra_ssd_enabled 
src/azure-cli/azure/cli/command_modules/vm/tests/latest/test_vm_commands.py::VMDiskAttachDetachTest::test_vmss_ultra_ssd_storage_sku 
[gw0] [ 85%] PASSED src/azure-cli/azure/cli/command_modules/sql/tests/latest/test_sql_commands.py::SqlTransparentDataEncryptionScenarioTest::test_sql_tdebyok 
src/azure-cli/azure/cli/command_modules/sql/tests/latest/test_sql_commands.py::SqlServerVnetMgmtScenarioTest::test_sql_vnet_mgmt 
[gw2] [ 85%] PASSED src/azure-cli/azure/cli/command_modules/vm/tests/latest/test_vm_commands.py::VMDiskAttachDetachTest::test_vmss_ultra_ssd_storage_sku 
src/azure-cli/azure/cli/command_modules/vm/tests/latest/test_vm_commands.py::VMUnmanagedDataDiskTest::test_vm_data_unmanaged_disk 
[gw2] [ 85%] FAILED src/azure-cli/azure/cli/command_modules/vm/tests/latest/test_vm_commands.py::VMUnmanagedDataDiskTest::test_vm_data_unmanaged_disk 
src/azure-cli/azure/cli/command_modules/vm/tests/latest/test_vm_commands.py::VMCreateCustomDataScenarioTest::test_vm_create_custom_data 
[gw2] [ 85%] FAILED src/azure-cli/azure/cli/command_modules/vm/tests/latest/test_vm_commands.py::VMCreateCustomDataScenarioTest::test_vm_create_custom_data 
src/azure-cli/azure/cli/command_modules/vm/tests/latest/test_vm_commands.py::VMSSCreateAndModify::test_vmss_create_and_modify 
[gw2] [ 85%] FAILED src/azure-cli/azure/cli/command_modules/vm/tests/latest/test_vm_commands.py::VMSSCreateAndModify::test_vmss_create_and_modify 
src/azure-cli/azure/cli/command_modules/vm/tests/latest/test_vm_commands.py::MSIScenarioTest::test_vm_msi 
[gw2] [ 86%] FAILED src/azure-cli/azure/cli/command_modules/vm/tests/latest/test_vm_commands.py::MSIScenarioTest::test_vm_msi 
src/azure-cli/azure/cli/command_modules/vm/tests/latest/test_vm_commands.py::MSIScenarioTest::test_vm_msi_no_scope 
[gw2] [ 86%] FAILED src/azure-cli/azure/cli/command_modules/vm/tests/latest/test_vm_commands.py::MSIScenarioTest::test_vm_msi_no_scope 
src/azure-cli/azure/cli/command_modules/vm/tests/latest/test_vm_commands.py::MSIScenarioTest::test_vmss_explicit_msi 
[gw0] [ 86%] PASSED src/azure-cli/azure/cli/command_modules/sql/tests/latest/test_sql_commands.py::SqlServerVnetMgmtScenarioTest::test_sql_vnet_mgmt 
src/azure-cli/azure/cli/command_modules/vm/tests/latest/test_vm_commands.py::VMSSNicScenarioTest::test_vmss_nics 
[gw2] [ 86%] FAILED src/azure-cli/azure/cli/command_modules/vm/tests/latest/test_vm_commands.py::MSIScenarioTest::test_vmss_explicit_msi 
src/azure-cli/azure/cli/command_modules/vm/tests/latest/test_vm_commands.py::MSIScenarioTest::test_vmss_msi 
[gw0] [ 86%] FAILED src/azure-cli/azure/cli/command_modules/vm/tests/latest/test_vm_commands.py::VMSSNicScenarioTest::test_vmss_nics 
src/azure-cli/azure/cli/command_modules/vm/tests/latest/test_vm_commands.py::VMSSCreateIdempotentTest::test_vmss_create_idempotent 
[gw2] [ 87%] FAILED src/azure-cli/azure/cli/command_modules/vm/tests/latest/test_vm_commands.py::MSIScenarioTest::test_vmss_msi 
src/azure-cli/azure/cli/command_modules/vm/tests/latest/test_vm_commands.py::VMZoneScenarioTest::test_vm_create_zones 
[gw0] [ 87%] FAILED src/azure-cli/azure/cli/command_modules/vm/tests/latest/test_vm_commands.py::VMSSCreateIdempotentTest::test_vmss_create_idempotent 
src/azure-cli/azure/cli/command_modules/vm/tests/latest/test_vm_commands.py::VMSSILBTest::test_vmss_with_ilb 
[gw0] [ 87%] FAILED src/azure-cli/azure/cli/command_modules/vm/tests/latest/test_vm_commands.py::VMSSILBTest::test_vmss_with_ilb 
src/azure-cli/azure/cli/command_modules/vm/tests/latest/test_vm_commands.py::MSIScenarioTest::test_vm_explicit_msi 
[gw0] [ 87%] FAILED src/azure-cli/azure/cli/command_modules/vm/tests/latest/test_vm_commands.py::MSIScenarioTest::test_vm_explicit_msi 
src/azure-cli/azure/cli/command_modules/vm/tests/latest/test_vm_commands.py::VMRunCommandScenarioTest::test_vm_run_command_with_parameters 
[gw0] [ 87%] FAILED src/azure-cli/azure/cli/command_modules/vm/tests/latest/test_vm_commands.py::VMRunCommandScenarioTest::test_vm_run_command_with_parameters 
src/azure-cli/azure/cli/command_modules/vm/tests/latest/test_vm_commands.py::VMSSRunCommandScenarioTest::test_vmss_run_command_with_parameters 
[gw0] [ 87%] FAILED src/azure-cli/azure/cli/command_modules/vm/tests/latest/test_vm_commands.py::VMSSRunCommandScenarioTest::test_vmss_run_command_with_parameters 
src/azure-cli/azure/cli/command_modules/vm/tests/latest/test_vm_commands.py::VMDiskEncryptionTest::test_vm_disk_encryption_e2e 
[gw0] [ 88%] FAILED src/azure-cli/azure/cli/command_modules/vm/tests/latest/test_vm_commands.py::VMDiskEncryptionTest::test_vm_disk_encryption_e2e 
src/azure-cli/azure/cli/command_modules/vm/tests/latest/test_vm_commands.py::VMDiskEncryptionTest::test_vm_encryption_at_host 
[gw0] [ 88%] FAILED src/azure-cli/azure/cli/command_modules/vm/tests/latest/test_vm_commands.py::VMDiskEncryptionTest::test_vm_encryption_at_host 
src/azure-cli/azure/cli/command_modules/vm/tests/latest/test_vm_commands.py::VMDiskEncryptionTest::test_vmss_disk_encryption_e2e 
[gw2] [ 88%] PASSED src/azure-cli/azure/cli/command_modules/vm/tests/latest/test_vm_commands.py::VMZoneScenarioTest::test_vm_create_zones 
src/azure-cli/azure/cli/command_modules/vm/tests/latest/test_vm_commands.py::VMZoneScenarioTest::test_vm_disk_create_zones 
[gw2] [ 88%] PASSED src/azure-cli/azure/cli/command_modules/vm/tests/latest/test_vm_commands.py::VMZoneScenarioTest::test_vm_disk_create_zones 
src/azure-cli/azure/cli/command_modules/vm/tests/latest/test_vm_commands.py::VMZoneScenarioTest::test_vm_error_on_zone_unavailable 
[gw2] [ 88%] PASSED src/azure-cli/azure/cli/command_modules/vm/tests/latest/test_vm_commands.py::VMZoneScenarioTest::test_vm_error_on_zone_unavailable 
src/azure-cli/azure/cli/command_modules/vm/tests/latest/test_vm_commands.py::VMOsDiskSwap::test_vm_os_disk_swap 
[gw2] [ 89%] FAILED src/azure-cli/azure/cli/command_modules/vm/tests/latest/test_vm_commands.py::VMOsDiskSwap::test_vm_os_disk_swap 
src/azure-cli/azure/cli/command_modules/vm/tests/latest/test_vm_commands.py::VMGenericUpdate::test_vm_generic_update 
[gw2] [ 89%] FAILED src/azure-cli/azure/cli/command_modules/vm/tests/latest/test_vm_commands.py::VMGenericUpdate::test_vm_generic_update 
src/azure-cli/azure/cli/command_modules/vm/tests/latest/test_vm_commands.py::VMGalleryImage::test_gallery_e2e 
[gw0] [ 89%] FAILED src/azure-cli/azure/cli/command_modules/vm/tests/latest/test_vm_commands.py::VMDiskEncryptionTest::test_vmss_disk_encryption_e2e 
src/azure-cli/azure/cli/command_modules/vm/tests/latest/test_vm_commands.py::VMCreateWithExistingNic::test_vm_create_existing_nic 
[gw0] [ 89%] FAILED src/azure-cli/azure/cli/command_modules/vm/tests/latest/test_vm_commands.py::VMCreateWithExistingNic::test_vm_create_existing_nic 
src/azure-cli/azure/cli/command_modules/vm/tests/latest/test_vm_commands.py::VMSecretTest::test_vm_secret_e2e_test 
[gw1] [ 89%] FAILED src/azure-cli/azure/cli/command_modules/vm/tests/latest/test_vm_commands.py::VMSSSimulateEvictionScenarioTest::test_vmss_simulate_eviction 
src/azure-cli/azure/cli/command_modules/vm/tests/latest/test_vm_commands.py::VMSSCustomDataScenarioTest::test_vmss_create_custom_data 
[gw1] [ 89%] FAILED src/azure-cli/azure/cli/command_modules/vm/tests/latest/test_vm_commands.py::VMSSCustomDataScenarioTest::test_vmss_create_custom_data 
src/azure-cli/azure/cli/command_modules/vm/tests/latest/test_vm_commands.py::ProximityPlacementGroupScenarioTest::test_ppg_update 
[gw1] [ 90%] FAILED src/azure-cli/azure/cli/command_modules/vm/tests/latest/test_vm_commands.py::ProximityPlacementGroupScenarioTest::test_ppg_update 
src/azure-cli/azure/cli/command_modules/vm/tests/latest/test_vm_commands.py::ProximityPlacementGroupScenarioTest::test_ppg_with_related_resources 
[gw1] [ 90%] FAILED src/azure-cli/azure/cli/command_modules/vm/tests/latest/test_vm_commands.py::ProximityPlacementGroupScenarioTest::test_ppg_with_related_resources 
src/azure-cli/azure/cli/command_modules/vm/tests/latest/test_vm_commands.py::ProximityPlacementGroupScenarioTest::test_proximity_placement_group 
[gw1] [ 90%] FAILED src/azure-cli/azure/cli/command_modules/vm/tests/latest/test_vm_commands.py::ProximityPlacementGroupScenarioTest::test_proximity_placement_group 
src/azure-cli/azure/cli/command_modules/vm/tests/latest/test_vm_commands.py::DedicatedHostScenarioTest::test_dedicated_host_e2e 
[gw0] [ 90%] FAILED src/azure-cli/azure/cli/command_modules/vm/tests/latest/test_vm_commands.py::VMSecretTest::test_vm_secret_e2e_test 
src/azure-cli/azure/cli/command_modules/vm/tests/latest/test_vm_commands.py::VMGalleryImage::test_specialized_image 
[gw0] [ 90%] FAILED src/azure-cli/azure/cli/command_modules/vm/tests/latest/test_vm_commands.py::VMGalleryImage::test_specialized_image 
src/azure-cli/azure/cli/command_modules/vm/tests/latest/test_vm_commands.py::VMPriorityEvictionBillingTest::test_vm_priority_eviction_billing 
[gw0] [ 91%] FAILED src/azure-cli/azure/cli/command_modules/vm/tests/latest/test_vm_commands.py::VMPriorityEvictionBillingTest::test_vm_priority_eviction_billing 
src/azure-cli/azure/cli/command_modules/vm/tests/latest/test_vm_commands.py::VMCreateSpecialName::test_vm_create_special_name 
[gw0] [ 91%] FAILED src/azure-cli/azure/cli/command_modules/vm/tests/latest/test_vm_commands.py::VMCreateSpecialName::test_vm_create_special_name 
src/azure-cli/azure/cli/command_modules/vm/tests/latest/test_vm_commands.py::DiskEncryptionSetTest::test_disk_encryption_set 
[gw0] [ 91%] FAILED src/azure-cli/azure/cli/command_modules/vm/tests/latest/test_vm_commands.py::DiskEncryptionSetTest::test_disk_encryption_set 
src/azure-cli/azure/cli/command_modules/vm/tests/latest/test_vm_commands.py::DiskEncryptionSetTest::test_disk_encryption_set_disk_update 
[gw0] [ 91%] PASSED src/azure-cli/azure/cli/command_modules/vm/tests/latest/test_vm_commands.py::DiskEncryptionSetTest::test_disk_encryption_set_disk_update 
src/azure-cli/azure/cli/command_modules/vm/tests/latest/test_vm_commands.py::DiskEncryptionSetTest::test_disk_encryption_set_snapshot 
[gw1] [ 91%] FAILED src/azure-cli/azure/cli/command_modules/vm/tests/latest/test_vm_commands.py::DedicatedHostScenarioTest::test_dedicated_host_e2e 
src/azure-cli/azure/cli/command_modules/vm/tests/latest/test_vm_commands.py::VMSSTerminateNotificationScenarioTest::test_vmss_terminate_notification 
[gw1] [ 91%] FAILED src/azure-cli/azure/cli/command_modules/vm/tests/latest/test_vm_commands.py::VMSSTerminateNotificationScenarioTest::test_vmss_terminate_notification 
src/azure-cli/azure/cli/command_modules/vm/tests/latest/test_vm_commands.py::DiskAccessTest::test_disk_access 
[gw1] [ 92%] FAILED src/azure-cli/azure/cli/command_modules/vm/tests/latest/test_vm_commands.py::DiskAccessTest::test_disk_access 
src/azure-cli/azure/cli/command_modules/vm/tests/latest/test_vm_commands.py::VMSSCreateDiskOptionTest::test_vmss_create_disk_iops_mbps 
[gw0] [ 92%] PASSED src/azure-cli/azure/cli/command_modules/vm/tests/latest/test_vm_commands.py::DiskEncryptionSetTest::test_disk_encryption_set_snapshot 
src/azure-cli/azure/cli/command_modules/vm/tests/latest/test_vm_commands.py::DiskEncryptionSetTest::test_disk_encryption_set_update 
[gw1] [ 92%] PASSED src/azure-cli/azure/cli/command_modules/vm/tests/latest/test_vm_commands.py::VMSSCreateDiskOptionTest::test_vmss_create_disk_iops_mbps 
src/azure-cli/azure/cli/command_modules/vm/tests/latest/test_vm_commands.py::VMCreateAutoCreateSubnetScenarioTest::test_vm_create_auto_create_subnet 
[gw0] [ 92%] PASSED src/azure-cli/azure/cli/command_modules/vm/tests/latest/test_vm_commands.py::DiskEncryptionSetTest::test_disk_encryption_set_update 
src/azure-cli/azure/cli/command_modules/vm/tests/latest/test_vm_commands.py::VMSSAutomaticRepairsScenarioTest::test_vmss_create_automatic_repairs_with_health_probe 
[gw1] [ 92%] PASSED src/azure-cli/azure/cli/command_modules/vm/tests/latest/test_vm_commands.py::VMCreateAutoCreateSubnetScenarioTest::test_vm_create_auto_create_subnet 
src/azure-cli/azure/cli/command_modules/vm/tests/latest/test_vm_commands.py::VMSSAutomaticRepairsScenarioTest::test_vmss_update_automatic_repairs_with_health_extension 
[gw1] [ 93%] FAILED src/azure-cli/azure/cli/command_modules/vm/tests/latest/test_vm_commands.py::VMSSAutomaticRepairsScenarioTest::test_vmss_update_automatic_repairs_with_health_extension 
src/azure-cli/azure/cli/command_modules/vm/tests/latest/test_vm_commands.py::VMCreateNSGRule::test_vm_create_nsg_rule 
[gw1] [ 93%] FAILED src/azure-cli/azure/cli/command_modules/vm/tests/latest/test_vm_commands.py::VMCreateNSGRule::test_vm_create_nsg_rule 
src/azure-cli/azure/cli/command_modules/vm/tests/latest/test_vm_commands.py::VMSSSetOrchestrationServiceStateScenarioTest::test_vmss_set_orchestration_service_state 
[gw0] [ 93%] FAILED src/azure-cli/azure/cli/command_modules/vm/tests/latest/test_vm_commands.py::VMSSAutomaticRepairsScenarioTest::test_vmss_create_automatic_repairs_with_health_probe 
src/azure-cli/azure/cli/command_modules/vm/tests/latest/test_vm_commands.py::VMSSAutomaticRepairsScenarioTest::test_vmss_update_automatic_repairs_with_health_probe 
[gw0] [ 93%] FAILED src/azure-cli/azure/cli/command_modules/vm/tests/latest/test_vm_commands.py::VMSSAutomaticRepairsScenarioTest::test_vmss_update_automatic_repairs_with_health_probe 
src/azure-cli/azure/cli/command_modules/vm/tests/latest/test_vm_commands.py::VMAutoUpdateScenarioTest::test_vm_auto_update 
[gw0] [ 93%] FAILED src/azure-cli/azure/cli/command_modules/vm/tests/latest/test_vm_commands.py::VMAutoUpdateScenarioTest::test_vm_auto_update 
src/azure-cli/azure/cli/command_modules/vm/tests/latest/test_vm_commands.py::VMDiskLogicalSectorSize::test_vm_disk_logical_sector_size 
[gw0] [ 93%] PASSED src/azure-cli/azure/cli/command_modules/vm/tests/latest/test_vm_commands.py::VMDiskLogicalSectorSize::test_vm_disk_logical_sector_size 
[gw1] [ 94%] FAILED src/azure-cli/azure/cli/command_modules/vm/tests/latest/test_vm_commands.py::VMSSSetOrchestrationServiceStateScenarioTest::test_vmss_set_orchestration_service_state 
src/azure-cli/azure/cli/command_modules/vm/tests/latest/test_vm_commands.py::VMAutoShutdownScenarioTest::test_vm_auto_shutdown 
[gw1] [ 94%] FAILED src/azure-cli/azure/cli/command_modules/vm/tests/latest/test_vm_commands.py::VMAutoShutdownScenarioTest::test_vm_auto_shutdown 
[gw3] [ 94%] PASSED src/azure-cli/azure/cli/command_modules/backup/tests/latest/test_backup_commands.py::BackupTests::test_backup_rp 
src/azure-cli/azure/cli/command_modules/backup/tests/latest/test_backup_commands.py::BackupTests::test_backup_scenario 
[gw2] [ 94%] FAILED src/azure-cli/azure/cli/command_modules/vm/tests/latest/test_vm_commands.py::VMGalleryImage::test_gallery_e2e 
src/azure-cli/azure/cli/command_modules/vm/tests/latest/test_vm_commands.py::VMGalleryImage::test_gallery_specialized 
[gw2] [ 94%] FAILED src/azure-cli/azure/cli/command_modules/vm/tests/latest/test_vm_commands.py::VMGalleryImage::test_gallery_specialized 